2023-09-02T10:41:09.130+08:00  INFO 1916 --- [main] c.e.movierental.MovierentalApplication   : Starting MovierentalApplication using Java 17.0.8 with PID 1916 (D:\Jem\movrental\movrental\target\classes started by jemue in D:\Jem\movrental\movrental)
2023-09-02T10:41:09.141+08:00  INFO 1916 --- [main] c.e.movierental.MovierentalApplication   : No active profile set, falling back to 1 default profile: "default"
2023-09-02T10:41:10.418+08:00  INFO 1916 --- [main] .s.d.r.c.RepositoryConfigurationDelegate : Bootstrapping Spring Data JPA repositories in DEFAULT mode.
2023-09-02T10:41:10.506+08:00  INFO 1916 --- [main] .s.d.r.c.RepositoryConfigurationDelegate : Finished Spring Data repository scanning in 73 ms. Found 3 JPA repository interfaces.
2023-09-02T10:41:11.383+08:00  INFO 1916 --- [main] o.s.b.w.embedded.tomcat.TomcatWebServer  : Tomcat initialized with port(s): 8080 (http)
2023-09-02T10:41:11.411+08:00  INFO 1916 --- [main] o.apache.catalina.core.StandardService   : Starting service [Tomcat]
2023-09-02T10:41:11.412+08:00  INFO 1916 --- [main] o.apache.catalina.core.StandardEngine    : Starting Servlet engine: [Apache Tomcat/10.1.12]
2023-09-02T10:41:11.659+08:00  INFO 1916 --- [main] o.a.c.c.C.[Tomcat].[localhost].[/]       : Initializing Spring embedded WebApplicationContext
2023-09-02T10:41:11.661+08:00  INFO 1916 --- [main] w.s.c.ServletWebServerApplicationContext : Root WebApplicationContext: initialization completed in 2447 ms
2023-09-02T10:41:11.928+08:00  INFO 1916 --- [main] com.zaxxer.hikari.HikariDataSource       : HikariPool-1 - Starting...
2023-09-02T10:41:15.146+08:00 ERROR 1916 --- [main] com.zaxxer.hikari.pool.HikariPool        : HikariPool-1 - Exception during pool initialization.

com.mysql.cj.jdbc.exceptions.CommunicationsException: Communications link failure

The last packet sent successfully to the server was 0 milliseconds ago. The driver has not received any packets from the server.
	at com.mysql.cj.jdbc.exceptions.SQLError.createCommunicationsException(SQLError.java:174) ~[mysql-connector-java-8.0.18.jar:8.0.18]
	at com.mysql.cj.jdbc.exceptions.SQLExceptionsMapping.translateException(SQLExceptionsMapping.java:64) ~[mysql-connector-java-8.0.18.jar:8.0.18]
	at com.mysql.cj.jdbc.ConnectionImpl.createNewIO(ConnectionImpl.java:836) ~[mysql-connector-java-8.0.18.jar:8.0.18]
	at com.mysql.cj.jdbc.ConnectionImpl.<init>(ConnectionImpl.java:456) ~[mysql-connector-java-8.0.18.jar:8.0.18]
	at com.mysql.cj.jdbc.ConnectionImpl.getInstance(ConnectionImpl.java:246) ~[mysql-connector-java-8.0.18.jar:8.0.18]
	at com.mysql.cj.jdbc.NonRegisteringDriver.connect(NonRegisteringDriver.java:199) ~[mysql-connector-java-8.0.18.jar:8.0.18]
	at com.zaxxer.hikari.util.DriverDataSource.getConnection(DriverDataSource.java:138) ~[HikariCP-5.0.1.jar:na]
	at com.zaxxer.hikari.pool.PoolBase.newConnection(PoolBase.java:359) ~[HikariCP-5.0.1.jar:na]
	at com.zaxxer.hikari.pool.PoolBase.newPoolEntry(PoolBase.java:201) ~[HikariCP-5.0.1.jar:na]
	at com.zaxxer.hikari.pool.HikariPool.createPoolEntry(HikariPool.java:470) ~[HikariCP-5.0.1.jar:na]
	at com.zaxxer.hikari.pool.HikariPool.checkFailFast(HikariPool.java:561) ~[HikariCP-5.0.1.jar:na]
	at com.zaxxer.hikari.pool.HikariPool.<init>(HikariPool.java:100) ~[HikariCP-5.0.1.jar:na]
	at com.zaxxer.hikari.HikariDataSource.getConnection(HikariDataSource.java:112) ~[HikariCP-5.0.1.jar:na]
	at org.springframework.jdbc.datasource.DataSourceUtils.fetchConnection(DataSourceUtils.java:160) ~[spring-jdbc-6.0.11.jar:6.0.11]
	at org.springframework.jdbc.datasource.DataSourceUtils.doGetConnection(DataSourceUtils.java:118) ~[spring-jdbc-6.0.11.jar:6.0.11]
	at org.springframework.jdbc.datasource.DataSourceUtils.getConnection(DataSourceUtils.java:81) ~[spring-jdbc-6.0.11.jar:6.0.11]
	at org.springframework.jdbc.core.JdbcTemplate.execute(JdbcTemplate.java:332) ~[spring-jdbc-6.0.11.jar:6.0.11]
	at org.springframework.boot.jdbc.EmbeddedDatabaseConnection.isEmbedded(EmbeddedDatabaseConnection.java:168) ~[spring-boot-3.1.3.jar:3.1.3]
	at org.springframework.boot.autoconfigure.orm.jpa.HibernateDefaultDdlAutoProvider.getDefaultDdlAuto(HibernateDefaultDdlAutoProvider.java:42) ~[spring-boot-autoconfigure-3.1.3.jar:3.1.3]
	at org.springframework.boot.autoconfigure.orm.jpa.HibernateJpaConfiguration.lambda$getVendorProperties$1(HibernateJpaConfiguration.java:142) ~[spring-boot-autoconfigure-3.1.3.jar:3.1.3]
	at org.springframework.boot.autoconfigure.orm.jpa.HibernateSettings.getDdlAuto(HibernateSettings.java:41) ~[spring-boot-autoconfigure-3.1.3.jar:3.1.3]
	at org.springframework.boot.autoconfigure.orm.jpa.HibernateProperties.determineDdlAuto(HibernateProperties.java:118) ~[spring-boot-autoconfigure-3.1.3.jar:3.1.3]
	at org.springframework.boot.autoconfigure.orm.jpa.HibernateProperties.getAdditionalProperties(HibernateProperties.java:87) ~[spring-boot-autoconfigure-3.1.3.jar:3.1.3]
	at org.springframework.boot.autoconfigure.orm.jpa.HibernateProperties.determineHibernateProperties(HibernateProperties.java:80) ~[spring-boot-autoconfigure-3.1.3.jar:3.1.3]
	at org.springframework.boot.autoconfigure.orm.jpa.HibernateJpaConfiguration.getVendorProperties(HibernateJpaConfiguration.java:143) ~[spring-boot-autoconfigure-3.1.3.jar:3.1.3]
	at org.springframework.boot.autoconfigure.orm.jpa.JpaBaseConfiguration.entityManagerFactory(JpaBaseConfiguration.java:131) ~[spring-boot-autoconfigure-3.1.3.jar:3.1.3]
	at java.base/jdk.internal.reflect.NativeMethodAccessorImpl.invoke0(Native Method) ~[na:na]
	at java.base/jdk.internal.reflect.NativeMethodAccessorImpl.invoke(NativeMethodAccessorImpl.java:77) ~[na:na]
	at java.base/jdk.internal.reflect.DelegatingMethodAccessorImpl.invoke(DelegatingMethodAccessorImpl.java:43) ~[na:na]
	at java.base/java.lang.reflect.Method.invoke(Method.java:568) ~[na:na]
	at org.springframework.beans.factory.support.SimpleInstantiationStrategy.instantiate(SimpleInstantiationStrategy.java:139) ~[spring-beans-6.0.11.jar:6.0.11]
	at org.springframework.beans.factory.support.ConstructorResolver.instantiate(ConstructorResolver.java:655) ~[spring-beans-6.0.11.jar:6.0.11]
	at org.springframework.beans.factory.support.ConstructorResolver.instantiateUsingFactoryMethod(ConstructorResolver.java:647) ~[spring-beans-6.0.11.jar:6.0.11]
	at org.springframework.beans.factory.support.AbstractAutowireCapableBeanFactory.instantiateUsingFactoryMethod(AbstractAutowireCapableBeanFactory.java:1332) ~[spring-beans-6.0.11.jar:6.0.11]
	at org.springframework.beans.factory.support.AbstractAutowireCapableBeanFactory.createBeanInstance(AbstractAutowireCapableBeanFactory.java:1162) ~[spring-beans-6.0.11.jar:6.0.11]
	at org.springframework.beans.factory.support.AbstractAutowireCapableBeanFactory.doCreateBean(AbstractAutowireCapableBeanFactory.java:560) ~[spring-beans-6.0.11.jar:6.0.11]
	at org.springframework.beans.factory.support.AbstractAutowireCapableBeanFactory.createBean(AbstractAutowireCapableBeanFactory.java:520) ~[spring-beans-6.0.11.jar:6.0.11]
	at org.springframework.beans.factory.support.AbstractBeanFactory.lambda$doGetBean$0(AbstractBeanFactory.java:326) ~[spring-beans-6.0.11.jar:6.0.11]
	at org.springframework.beans.factory.support.DefaultSingletonBeanRegistry.getSingleton(DefaultSingletonBeanRegistry.java:234) ~[spring-beans-6.0.11.jar:6.0.11]
	at org.springframework.beans.factory.support.AbstractBeanFactory.doGetBean(AbstractBeanFactory.java:324) ~[spring-beans-6.0.11.jar:6.0.11]
	at org.springframework.beans.factory.support.AbstractBeanFactory.getBean(AbstractBeanFactory.java:200) ~[spring-beans-6.0.11.jar:6.0.11]
	at org.springframework.context.support.AbstractApplicationContext.getBean(AbstractApplicationContext.java:1155) ~[spring-context-6.0.11.jar:6.0.11]
	at org.springframework.context.support.AbstractApplicationContext.finishBeanFactoryInitialization(AbstractApplicationContext.java:932) ~[spring-context-6.0.11.jar:6.0.11]
	at org.springframework.context.support.AbstractApplicationContext.refresh(AbstractApplicationContext.java:608) ~[spring-context-6.0.11.jar:6.0.11]
	at org.springframework.boot.web.servlet.context.ServletWebServerApplicationContext.refresh(ServletWebServerApplicationContext.java:146) ~[spring-boot-3.1.3.jar:3.1.3]
	at org.springframework.boot.SpringApplication.refresh(SpringApplication.java:734) ~[spring-boot-3.1.3.jar:3.1.3]
	at org.springframework.boot.SpringApplication.refreshContext(SpringApplication.java:436) ~[spring-boot-3.1.3.jar:3.1.3]
	at org.springframework.boot.SpringApplication.run(SpringApplication.java:312) ~[spring-boot-3.1.3.jar:3.1.3]
	at org.springframework.boot.SpringApplication.run(SpringApplication.java:1306) ~[spring-boot-3.1.3.jar:3.1.3]
	at org.springframework.boot.SpringApplication.run(SpringApplication.java:1295) ~[spring-boot-3.1.3.jar:3.1.3]
	at com.exam.movierental.MovierentalApplication.main(MovierentalApplication.java:12) ~[classes/:na]
Caused by: com.mysql.cj.exceptions.CJCommunicationsException: Communications link failure

The last packet sent successfully to the server was 0 milliseconds ago. The driver has not received any packets from the server.
	at java.base/jdk.internal.reflect.NativeConstructorAccessorImpl.newInstance0(Native Method) ~[na:na]
	at java.base/jdk.internal.reflect.NativeConstructorAccessorImpl.newInstance(NativeConstructorAccessorImpl.java:77) ~[na:na]
	at java.base/jdk.internal.reflect.DelegatingConstructorAccessorImpl.newInstance(DelegatingConstructorAccessorImpl.java:45) ~[na:na]
	at java.base/java.lang.reflect.Constructor.newInstanceWithCaller(Constructor.java:499) ~[na:na]
	at java.base/java.lang.reflect.Constructor.newInstance(Constructor.java:480) ~[na:na]
	at com.mysql.cj.exceptions.ExceptionFactory.createException(ExceptionFactory.java:61) ~[mysql-connector-java-8.0.18.jar:8.0.18]
	at com.mysql.cj.exceptions.ExceptionFactory.createException(ExceptionFactory.java:105) ~[mysql-connector-java-8.0.18.jar:8.0.18]
	at com.mysql.cj.exceptions.ExceptionFactory.createException(ExceptionFactory.java:151) ~[mysql-connector-java-8.0.18.jar:8.0.18]
	at com.mysql.cj.exceptions.ExceptionFactory.createCommunicationsException(ExceptionFactory.java:167) ~[mysql-connector-java-8.0.18.jar:8.0.18]
	at com.mysql.cj.protocol.a.NativeSocketConnection.connect(NativeSocketConnection.java:91) ~[mysql-connector-java-8.0.18.jar:8.0.18]
	at com.mysql.cj.NativeSession.connect(NativeSession.java:144) ~[mysql-connector-java-8.0.18.jar:8.0.18]
	at com.mysql.cj.jdbc.ConnectionImpl.connectOneTryOnly(ConnectionImpl.java:956) ~[mysql-connector-java-8.0.18.jar:8.0.18]
	at com.mysql.cj.jdbc.ConnectionImpl.createNewIO(ConnectionImpl.java:826) ~[mysql-connector-java-8.0.18.jar:8.0.18]
	... 48 common frames omitted
Caused by: java.net.ConnectException: Connection refused: no further information
	at java.base/sun.nio.ch.Net.pollConnect(Native Method) ~[na:na]
	at java.base/sun.nio.ch.Net.pollConnectNow(Net.java:672) ~[na:na]
	at java.base/sun.nio.ch.NioSocketImpl.timedFinishConnect(NioSocketImpl.java:549) ~[na:na]
	at java.base/sun.nio.ch.NioSocketImpl.connect(NioSocketImpl.java:597) ~[na:na]
	at java.base/java.net.SocksSocketImpl.connect(SocksSocketImpl.java:327) ~[na:na]
	at java.base/java.net.Socket.connect(Socket.java:633) ~[na:na]
	at com.mysql.cj.protocol.StandardSocketFactory.connect(StandardSocketFactory.java:155) ~[mysql-connector-java-8.0.18.jar:8.0.18]
	at com.mysql.cj.protocol.a.NativeSocketConnection.connect(NativeSocketConnection.java:65) ~[mysql-connector-java-8.0.18.jar:8.0.18]
	... 51 common frames omitted

2023-09-02T10:41:15.210+08:00  INFO 1916 --- [main] o.hibernate.jpa.internal.util.LogHelper  : HHH000204: Processing PersistenceUnitInfo [name: default]
2023-09-02T10:41:15.285+08:00  INFO 1916 --- [main] org.hibernate.Version                    : HHH000412: Hibernate ORM core version 6.2.7.Final
2023-09-02T10:41:15.288+08:00  INFO 1916 --- [main] org.hibernate.cfg.Environment            : HHH000406: Using bytecode reflection optimizer
2023-09-02T10:41:15.457+08:00  INFO 1916 --- [main] o.h.b.i.BytecodeProviderInitiator        : HHH000021: Bytecode provider name : bytebuddy
2023-09-02T10:41:15.609+08:00  INFO 1916 --- [main] o.s.o.j.p.SpringPersistenceUnitInfo      : No LoadTimeWeaver setup: ignoring JPA class transformer
2023-09-02T10:41:15.636+08:00  INFO 1916 --- [main] com.zaxxer.hikari.HikariDataSource       : HikariPool-1 - Starting...
2023-09-02T10:41:18.710+08:00 ERROR 1916 --- [main] com.zaxxer.hikari.pool.HikariPool        : HikariPool-1 - Exception during pool initialization.

com.mysql.cj.jdbc.exceptions.CommunicationsException: Communications link failure

The last packet sent successfully to the server was 0 milliseconds ago. The driver has not received any packets from the server.
	at com.mysql.cj.jdbc.exceptions.SQLError.createCommunicationsException(SQLError.java:174) ~[mysql-connector-java-8.0.18.jar:8.0.18]
	at com.mysql.cj.jdbc.exceptions.SQLExceptionsMapping.translateException(SQLExceptionsMapping.java:64) ~[mysql-connector-java-8.0.18.jar:8.0.18]
	at com.mysql.cj.jdbc.ConnectionImpl.createNewIO(ConnectionImpl.java:836) ~[mysql-connector-java-8.0.18.jar:8.0.18]
	at com.mysql.cj.jdbc.ConnectionImpl.<init>(ConnectionImpl.java:456) ~[mysql-connector-java-8.0.18.jar:8.0.18]
	at com.mysql.cj.jdbc.ConnectionImpl.getInstance(ConnectionImpl.java:246) ~[mysql-connector-java-8.0.18.jar:8.0.18]
	at com.mysql.cj.jdbc.NonRegisteringDriver.connect(NonRegisteringDriver.java:199) ~[mysql-connector-java-8.0.18.jar:8.0.18]
	at com.zaxxer.hikari.util.DriverDataSource.getConnection(DriverDataSource.java:138) ~[HikariCP-5.0.1.jar:na]
	at com.zaxxer.hikari.pool.PoolBase.newConnection(PoolBase.java:359) ~[HikariCP-5.0.1.jar:na]
	at com.zaxxer.hikari.pool.PoolBase.newPoolEntry(PoolBase.java:201) ~[HikariCP-5.0.1.jar:na]
	at com.zaxxer.hikari.pool.HikariPool.createPoolEntry(HikariPool.java:470) ~[HikariCP-5.0.1.jar:na]
	at com.zaxxer.hikari.pool.HikariPool.checkFailFast(HikariPool.java:561) ~[HikariCP-5.0.1.jar:na]
	at com.zaxxer.hikari.pool.HikariPool.<init>(HikariPool.java:100) ~[HikariCP-5.0.1.jar:na]
	at com.zaxxer.hikari.HikariDataSource.getConnection(HikariDataSource.java:112) ~[HikariCP-5.0.1.jar:na]
	at org.hibernate.engine.jdbc.connections.internal.DatasourceConnectionProviderImpl.getConnection(DatasourceConnectionProviderImpl.java:122) ~[hibernate-core-6.2.7.Final.jar:6.2.7.Final]
	at org.hibernate.engine.jdbc.env.internal.JdbcEnvironmentInitiator$ConnectionProviderJdbcConnectionAccess.obtainConnection(JdbcEnvironmentInitiator.java:316) ~[hibernate-core-6.2.7.Final.jar:6.2.7.Final]
	at org.hibernate.engine.jdbc.env.internal.JdbcEnvironmentInitiator.initiateService(JdbcEnvironmentInitiator.java:152) ~[hibernate-core-6.2.7.Final.jar:6.2.7.Final]
	at org.hibernate.engine.jdbc.env.internal.JdbcEnvironmentInitiator.initiateService(JdbcEnvironmentInitiator.java:34) ~[hibernate-core-6.2.7.Final.jar:6.2.7.Final]
	at org.hibernate.boot.registry.internal.StandardServiceRegistryImpl.initiateService(StandardServiceRegistryImpl.java:119) ~[hibernate-core-6.2.7.Final.jar:6.2.7.Final]
	at org.hibernate.service.internal.AbstractServiceRegistryImpl.createService(AbstractServiceRegistryImpl.java:264) ~[hibernate-core-6.2.7.Final.jar:6.2.7.Final]
	at org.hibernate.service.internal.AbstractServiceRegistryImpl.initializeService(AbstractServiceRegistryImpl.java:239) ~[hibernate-core-6.2.7.Final.jar:6.2.7.Final]
	at org.hibernate.service.internal.AbstractServiceRegistryImpl.getService(AbstractServiceRegistryImpl.java:216) ~[hibernate-core-6.2.7.Final.jar:6.2.7.Final]
	at org.hibernate.boot.model.relational.Database.<init>(Database.java:45) ~[hibernate-core-6.2.7.Final.jar:6.2.7.Final]
	at org.hibernate.boot.internal.InFlightMetadataCollectorImpl.getDatabase(InFlightMetadataCollectorImpl.java:230) ~[hibernate-core-6.2.7.Final.jar:6.2.7.Final]
	at org.hibernate.boot.internal.InFlightMetadataCollectorImpl.<init>(InFlightMetadataCollectorImpl.java:198) ~[hibernate-core-6.2.7.Final.jar:6.2.7.Final]
	at org.hibernate.boot.model.process.spi.MetadataBuildingProcess.complete(MetadataBuildingProcess.java:166) ~[hibernate-core-6.2.7.Final.jar:6.2.7.Final]
	at org.hibernate.jpa.boot.internal.EntityManagerFactoryBuilderImpl.metadata(EntityManagerFactoryBuilderImpl.java:1380) ~[hibernate-core-6.2.7.Final.jar:6.2.7.Final]
	at org.hibernate.jpa.boot.internal.EntityManagerFactoryBuilderImpl.build(EntityManagerFactoryBuilderImpl.java:1451) ~[hibernate-core-6.2.7.Final.jar:6.2.7.Final]
	at org.springframework.orm.jpa.vendor.SpringHibernateJpaPersistenceProvider.createContainerEntityManagerFactory(SpringHibernateJpaPersistenceProvider.java:75) ~[spring-orm-6.0.11.jar:6.0.11]
	at org.springframework.orm.jpa.LocalContainerEntityManagerFactoryBean.createNativeEntityManagerFactory(LocalContainerEntityManagerFactoryBean.java:376) ~[spring-orm-6.0.11.jar:6.0.11]
	at org.springframework.orm.jpa.AbstractEntityManagerFactoryBean.buildNativeEntityManagerFactory(AbstractEntityManagerFactoryBean.java:409) ~[spring-orm-6.0.11.jar:6.0.11]
	at org.springframework.orm.jpa.AbstractEntityManagerFactoryBean.afterPropertiesSet(AbstractEntityManagerFactoryBean.java:396) ~[spring-orm-6.0.11.jar:6.0.11]
	at org.springframework.orm.jpa.LocalContainerEntityManagerFactoryBean.afterPropertiesSet(LocalContainerEntityManagerFactoryBean.java:352) ~[spring-orm-6.0.11.jar:6.0.11]
	at org.springframework.beans.factory.support.AbstractAutowireCapableBeanFactory.invokeInitMethods(AbstractAutowireCapableBeanFactory.java:1817) ~[spring-beans-6.0.11.jar:6.0.11]
	at org.springframework.beans.factory.support.AbstractAutowireCapableBeanFactory.initializeBean(AbstractAutowireCapableBeanFactory.java:1766) ~[spring-beans-6.0.11.jar:6.0.11]
	at org.springframework.beans.factory.support.AbstractAutowireCapableBeanFactory.doCreateBean(AbstractAutowireCapableBeanFactory.java:598) ~[spring-beans-6.0.11.jar:6.0.11]
	at org.springframework.beans.factory.support.AbstractAutowireCapableBeanFactory.createBean(AbstractAutowireCapableBeanFactory.java:520) ~[spring-beans-6.0.11.jar:6.0.11]
	at org.springframework.beans.factory.support.AbstractBeanFactory.lambda$doGetBean$0(AbstractBeanFactory.java:326) ~[spring-beans-6.0.11.jar:6.0.11]
	at org.springframework.beans.factory.support.DefaultSingletonBeanRegistry.getSingleton(DefaultSingletonBeanRegistry.java:234) ~[spring-beans-6.0.11.jar:6.0.11]
	at org.springframework.beans.factory.support.AbstractBeanFactory.doGetBean(AbstractBeanFactory.java:324) ~[spring-beans-6.0.11.jar:6.0.11]
	at org.springframework.beans.factory.support.AbstractBeanFactory.getBean(AbstractBeanFactory.java:200) ~[spring-beans-6.0.11.jar:6.0.11]
	at org.springframework.context.support.AbstractApplicationContext.getBean(AbstractApplicationContext.java:1155) ~[spring-context-6.0.11.jar:6.0.11]
	at org.springframework.context.support.AbstractApplicationContext.finishBeanFactoryInitialization(AbstractApplicationContext.java:932) ~[spring-context-6.0.11.jar:6.0.11]
	at org.springframework.context.support.AbstractApplicationContext.refresh(AbstractApplicationContext.java:608) ~[spring-context-6.0.11.jar:6.0.11]
	at org.springframework.boot.web.servlet.context.ServletWebServerApplicationContext.refresh(ServletWebServerApplicationContext.java:146) ~[spring-boot-3.1.3.jar:3.1.3]
	at org.springframework.boot.SpringApplication.refresh(SpringApplication.java:734) ~[spring-boot-3.1.3.jar:3.1.3]
	at org.springframework.boot.SpringApplication.refreshContext(SpringApplication.java:436) ~[spring-boot-3.1.3.jar:3.1.3]
	at org.springframework.boot.SpringApplication.run(SpringApplication.java:312) ~[spring-boot-3.1.3.jar:3.1.3]
	at org.springframework.boot.SpringApplication.run(SpringApplication.java:1306) ~[spring-boot-3.1.3.jar:3.1.3]
	at org.springframework.boot.SpringApplication.run(SpringApplication.java:1295) ~[spring-boot-3.1.3.jar:3.1.3]
	at com.exam.movierental.MovierentalApplication.main(MovierentalApplication.java:12) ~[classes/:na]
Caused by: com.mysql.cj.exceptions.CJCommunicationsException: Communications link failure

The last packet sent successfully to the server was 0 milliseconds ago. The driver has not received any packets from the server.
	at java.base/jdk.internal.reflect.NativeConstructorAccessorImpl.newInstance0(Native Method) ~[na:na]
	at java.base/jdk.internal.reflect.NativeConstructorAccessorImpl.newInstance(NativeConstructorAccessorImpl.java:77) ~[na:na]
	at java.base/jdk.internal.reflect.DelegatingConstructorAccessorImpl.newInstance(DelegatingConstructorAccessorImpl.java:45) ~[na:na]
	at java.base/java.lang.reflect.Constructor.newInstanceWithCaller(Constructor.java:499) ~[na:na]
	at java.base/java.lang.reflect.Constructor.newInstance(Constructor.java:480) ~[na:na]
	at com.mysql.cj.exceptions.ExceptionFactory.createException(ExceptionFactory.java:61) ~[mysql-connector-java-8.0.18.jar:8.0.18]
	at com.mysql.cj.exceptions.ExceptionFactory.createException(ExceptionFactory.java:105) ~[mysql-connector-java-8.0.18.jar:8.0.18]
	at com.mysql.cj.exceptions.ExceptionFactory.createException(ExceptionFactory.java:151) ~[mysql-connector-java-8.0.18.jar:8.0.18]
	at com.mysql.cj.exceptions.ExceptionFactory.createCommunicationsException(ExceptionFactory.java:167) ~[mysql-connector-java-8.0.18.jar:8.0.18]
	at com.mysql.cj.protocol.a.NativeSocketConnection.connect(NativeSocketConnection.java:91) ~[mysql-connector-java-8.0.18.jar:8.0.18]
	at com.mysql.cj.NativeSession.connect(NativeSession.java:144) ~[mysql-connector-java-8.0.18.jar:8.0.18]
	at com.mysql.cj.jdbc.ConnectionImpl.connectOneTryOnly(ConnectionImpl.java:956) ~[mysql-connector-java-8.0.18.jar:8.0.18]
	at com.mysql.cj.jdbc.ConnectionImpl.createNewIO(ConnectionImpl.java:826) ~[mysql-connector-java-8.0.18.jar:8.0.18]
	... 47 common frames omitted
Caused by: java.net.ConnectException: Connection refused: no further information
	at java.base/sun.nio.ch.Net.pollConnect(Native Method) ~[na:na]
	at java.base/sun.nio.ch.Net.pollConnectNow(Net.java:672) ~[na:na]
	at java.base/sun.nio.ch.NioSocketImpl.timedFinishConnect(NioSocketImpl.java:549) ~[na:na]
	at java.base/sun.nio.ch.NioSocketImpl.connect(NioSocketImpl.java:597) ~[na:na]
	at java.base/java.net.SocksSocketImpl.connect(SocksSocketImpl.java:327) ~[na:na]
	at java.base/java.net.Socket.connect(Socket.java:633) ~[na:na]
	at com.mysql.cj.protocol.StandardSocketFactory.connect(StandardSocketFactory.java:155) ~[mysql-connector-java-8.0.18.jar:8.0.18]
	at com.mysql.cj.protocol.a.NativeSocketConnection.connect(NativeSocketConnection.java:65) ~[mysql-connector-java-8.0.18.jar:8.0.18]
	... 50 common frames omitted

2023-09-02T10:41:18.712+08:00  WARN 1916 --- [main] o.h.e.j.e.i.JdbcEnvironmentInitiator     : HHH000342: Could not obtain connection to query metadata

com.mysql.cj.jdbc.exceptions.CommunicationsException: Communications link failure

The last packet sent successfully to the server was 0 milliseconds ago. The driver has not received any packets from the server.
	at com.mysql.cj.jdbc.exceptions.SQLError.createCommunicationsException(SQLError.java:174) ~[mysql-connector-java-8.0.18.jar:8.0.18]
	at com.mysql.cj.jdbc.exceptions.SQLExceptionsMapping.translateException(SQLExceptionsMapping.java:64) ~[mysql-connector-java-8.0.18.jar:8.0.18]
	at com.mysql.cj.jdbc.ConnectionImpl.createNewIO(ConnectionImpl.java:836) ~[mysql-connector-java-8.0.18.jar:8.0.18]
	at com.mysql.cj.jdbc.ConnectionImpl.<init>(ConnectionImpl.java:456) ~[mysql-connector-java-8.0.18.jar:8.0.18]
	at com.mysql.cj.jdbc.ConnectionImpl.getInstance(ConnectionImpl.java:246) ~[mysql-connector-java-8.0.18.jar:8.0.18]
	at com.mysql.cj.jdbc.NonRegisteringDriver.connect(NonRegisteringDriver.java:199) ~[mysql-connector-java-8.0.18.jar:8.0.18]
	at com.zaxxer.hikari.util.DriverDataSource.getConnection(DriverDataSource.java:138) ~[HikariCP-5.0.1.jar:na]
	at com.zaxxer.hikari.pool.PoolBase.newConnection(PoolBase.java:359) ~[HikariCP-5.0.1.jar:na]
	at com.zaxxer.hikari.pool.PoolBase.newPoolEntry(PoolBase.java:201) ~[HikariCP-5.0.1.jar:na]
	at com.zaxxer.hikari.pool.HikariPool.createPoolEntry(HikariPool.java:470) ~[HikariCP-5.0.1.jar:na]
	at com.zaxxer.hikari.pool.HikariPool.checkFailFast(HikariPool.java:561) ~[HikariCP-5.0.1.jar:na]
	at com.zaxxer.hikari.pool.HikariPool.<init>(HikariPool.java:100) ~[HikariCP-5.0.1.jar:na]
	at com.zaxxer.hikari.HikariDataSource.getConnection(HikariDataSource.java:112) ~[HikariCP-5.0.1.jar:na]
	at org.hibernate.engine.jdbc.connections.internal.DatasourceConnectionProviderImpl.getConnection(DatasourceConnectionProviderImpl.java:122) ~[hibernate-core-6.2.7.Final.jar:6.2.7.Final]
	at org.hibernate.engine.jdbc.env.internal.JdbcEnvironmentInitiator$ConnectionProviderJdbcConnectionAccess.obtainConnection(JdbcEnvironmentInitiator.java:316) ~[hibernate-core-6.2.7.Final.jar:6.2.7.Final]
	at org.hibernate.engine.jdbc.env.internal.JdbcEnvironmentInitiator.initiateService(JdbcEnvironmentInitiator.java:152) ~[hibernate-core-6.2.7.Final.jar:6.2.7.Final]
	at org.hibernate.engine.jdbc.env.internal.JdbcEnvironmentInitiator.initiateService(JdbcEnvironmentInitiator.java:34) ~[hibernate-core-6.2.7.Final.jar:6.2.7.Final]
	at org.hibernate.boot.registry.internal.StandardServiceRegistryImpl.initiateService(StandardServiceRegistryImpl.java:119) ~[hibernate-core-6.2.7.Final.jar:6.2.7.Final]
	at org.hibernate.service.internal.AbstractServiceRegistryImpl.createService(AbstractServiceRegistryImpl.java:264) ~[hibernate-core-6.2.7.Final.jar:6.2.7.Final]
	at org.hibernate.service.internal.AbstractServiceRegistryImpl.initializeService(AbstractServiceRegistryImpl.java:239) ~[hibernate-core-6.2.7.Final.jar:6.2.7.Final]
	at org.hibernate.service.internal.AbstractServiceRegistryImpl.getService(AbstractServiceRegistryImpl.java:216) ~[hibernate-core-6.2.7.Final.jar:6.2.7.Final]
	at org.hibernate.boot.model.relational.Database.<init>(Database.java:45) ~[hibernate-core-6.2.7.Final.jar:6.2.7.Final]
	at org.hibernate.boot.internal.InFlightMetadataCollectorImpl.getDatabase(InFlightMetadataCollectorImpl.java:230) ~[hibernate-core-6.2.7.Final.jar:6.2.7.Final]
	at org.hibernate.boot.internal.InFlightMetadataCollectorImpl.<init>(InFlightMetadataCollectorImpl.java:198) ~[hibernate-core-6.2.7.Final.jar:6.2.7.Final]
	at org.hibernate.boot.model.process.spi.MetadataBuildingProcess.complete(MetadataBuildingProcess.java:166) ~[hibernate-core-6.2.7.Final.jar:6.2.7.Final]
	at org.hibernate.jpa.boot.internal.EntityManagerFactoryBuilderImpl.metadata(EntityManagerFactoryBuilderImpl.java:1380) ~[hibernate-core-6.2.7.Final.jar:6.2.7.Final]
	at org.hibernate.jpa.boot.internal.EntityManagerFactoryBuilderImpl.build(EntityManagerFactoryBuilderImpl.java:1451) ~[hibernate-core-6.2.7.Final.jar:6.2.7.Final]
	at org.springframework.orm.jpa.vendor.SpringHibernateJpaPersistenceProvider.createContainerEntityManagerFactory(SpringHibernateJpaPersistenceProvider.java:75) ~[spring-orm-6.0.11.jar:6.0.11]
	at org.springframework.orm.jpa.LocalContainerEntityManagerFactoryBean.createNativeEntityManagerFactory(LocalContainerEntityManagerFactoryBean.java:376) ~[spring-orm-6.0.11.jar:6.0.11]
	at org.springframework.orm.jpa.AbstractEntityManagerFactoryBean.buildNativeEntityManagerFactory(AbstractEntityManagerFactoryBean.java:409) ~[spring-orm-6.0.11.jar:6.0.11]
	at org.springframework.orm.jpa.AbstractEntityManagerFactoryBean.afterPropertiesSet(AbstractEntityManagerFactoryBean.java:396) ~[spring-orm-6.0.11.jar:6.0.11]
	at org.springframework.orm.jpa.LocalContainerEntityManagerFactoryBean.afterPropertiesSet(LocalContainerEntityManagerFactoryBean.java:352) ~[spring-orm-6.0.11.jar:6.0.11]
	at org.springframework.beans.factory.support.AbstractAutowireCapableBeanFactory.invokeInitMethods(AbstractAutowireCapableBeanFactory.java:1817) ~[spring-beans-6.0.11.jar:6.0.11]
	at org.springframework.beans.factory.support.AbstractAutowireCapableBeanFactory.initializeBean(AbstractAutowireCapableBeanFactory.java:1766) ~[spring-beans-6.0.11.jar:6.0.11]
	at org.springframework.beans.factory.support.AbstractAutowireCapableBeanFactory.doCreateBean(AbstractAutowireCapableBeanFactory.java:598) ~[spring-beans-6.0.11.jar:6.0.11]
	at org.springframework.beans.factory.support.AbstractAutowireCapableBeanFactory.createBean(AbstractAutowireCapableBeanFactory.java:520) ~[spring-beans-6.0.11.jar:6.0.11]
	at org.springframework.beans.factory.support.AbstractBeanFactory.lambda$doGetBean$0(AbstractBeanFactory.java:326) ~[spring-beans-6.0.11.jar:6.0.11]
	at org.springframework.beans.factory.support.DefaultSingletonBeanRegistry.getSingleton(DefaultSingletonBeanRegistry.java:234) ~[spring-beans-6.0.11.jar:6.0.11]
	at org.springframework.beans.factory.support.AbstractBeanFactory.doGetBean(AbstractBeanFactory.java:324) ~[spring-beans-6.0.11.jar:6.0.11]
	at org.springframework.beans.factory.support.AbstractBeanFactory.getBean(AbstractBeanFactory.java:200) ~[spring-beans-6.0.11.jar:6.0.11]
	at org.springframework.context.support.AbstractApplicationContext.getBean(AbstractApplicationContext.java:1155) ~[spring-context-6.0.11.jar:6.0.11]
	at org.springframework.context.support.AbstractApplicationContext.finishBeanFactoryInitialization(AbstractApplicationContext.java:932) ~[spring-context-6.0.11.jar:6.0.11]
	at org.springframework.context.support.AbstractApplicationContext.refresh(AbstractApplicationContext.java:608) ~[spring-context-6.0.11.jar:6.0.11]
	at org.springframework.boot.web.servlet.context.ServletWebServerApplicationContext.refresh(ServletWebServerApplicationContext.java:146) ~[spring-boot-3.1.3.jar:3.1.3]
	at org.springframework.boot.SpringApplication.refresh(SpringApplication.java:734) ~[spring-boot-3.1.3.jar:3.1.3]
	at org.springframework.boot.SpringApplication.refreshContext(SpringApplication.java:436) ~[spring-boot-3.1.3.jar:3.1.3]
	at org.springframework.boot.SpringApplication.run(SpringApplication.java:312) ~[spring-boot-3.1.3.jar:3.1.3]
	at org.springframework.boot.SpringApplication.run(SpringApplication.java:1306) ~[spring-boot-3.1.3.jar:3.1.3]
	at org.springframework.boot.SpringApplication.run(SpringApplication.java:1295) ~[spring-boot-3.1.3.jar:3.1.3]
	at com.exam.movierental.MovierentalApplication.main(MovierentalApplication.java:12) ~[classes/:na]
Caused by: com.mysql.cj.exceptions.CJCommunicationsException: Communications link failure

The last packet sent successfully to the server was 0 milliseconds ago. The driver has not received any packets from the server.
	at java.base/jdk.internal.reflect.NativeConstructorAccessorImpl.newInstance0(Native Method) ~[na:na]
	at java.base/jdk.internal.reflect.NativeConstructorAccessorImpl.newInstance(NativeConstructorAccessorImpl.java:77) ~[na:na]
	at java.base/jdk.internal.reflect.DelegatingConstructorAccessorImpl.newInstance(DelegatingConstructorAccessorImpl.java:45) ~[na:na]
	at java.base/java.lang.reflect.Constructor.newInstanceWithCaller(Constructor.java:499) ~[na:na]
	at java.base/java.lang.reflect.Constructor.newInstance(Constructor.java:480) ~[na:na]
	at com.mysql.cj.exceptions.ExceptionFactory.createException(ExceptionFactory.java:61) ~[mysql-connector-java-8.0.18.jar:8.0.18]
	at com.mysql.cj.exceptions.ExceptionFactory.createException(ExceptionFactory.java:105) ~[mysql-connector-java-8.0.18.jar:8.0.18]
	at com.mysql.cj.exceptions.ExceptionFactory.createException(ExceptionFactory.java:151) ~[mysql-connector-java-8.0.18.jar:8.0.18]
	at com.mysql.cj.exceptions.ExceptionFactory.createCommunicationsException(ExceptionFactory.java:167) ~[mysql-connector-java-8.0.18.jar:8.0.18]
	at com.mysql.cj.protocol.a.NativeSocketConnection.connect(NativeSocketConnection.java:91) ~[mysql-connector-java-8.0.18.jar:8.0.18]
	at com.mysql.cj.NativeSession.connect(NativeSession.java:144) ~[mysql-connector-java-8.0.18.jar:8.0.18]
	at com.mysql.cj.jdbc.ConnectionImpl.connectOneTryOnly(ConnectionImpl.java:956) ~[mysql-connector-java-8.0.18.jar:8.0.18]
	at com.mysql.cj.jdbc.ConnectionImpl.createNewIO(ConnectionImpl.java:826) ~[mysql-connector-java-8.0.18.jar:8.0.18]
	... 47 common frames omitted
Caused by: java.net.ConnectException: Connection refused: no further information
	at java.base/sun.nio.ch.Net.pollConnect(Native Method) ~[na:na]
	at java.base/sun.nio.ch.Net.pollConnectNow(Net.java:672) ~[na:na]
	at java.base/sun.nio.ch.NioSocketImpl.timedFinishConnect(NioSocketImpl.java:549) ~[na:na]
	at java.base/sun.nio.ch.NioSocketImpl.connect(NioSocketImpl.java:597) ~[na:na]
	at java.base/java.net.SocksSocketImpl.connect(SocksSocketImpl.java:327) ~[na:na]
	at java.base/java.net.Socket.connect(Socket.java:633) ~[na:na]
	at com.mysql.cj.protocol.StandardSocketFactory.connect(StandardSocketFactory.java:155) ~[mysql-connector-java-8.0.18.jar:8.0.18]
	at com.mysql.cj.protocol.a.NativeSocketConnection.connect(NativeSocketConnection.java:65) ~[mysql-connector-java-8.0.18.jar:8.0.18]
	... 50 common frames omitted

2023-09-02T10:41:18.720+08:00 ERROR 1916 --- [main] j.LocalContainerEntityManagerFactoryBean : Failed to initialize JPA EntityManagerFactory: Unable to create requested service [org.hibernate.engine.jdbc.env.spi.JdbcEnvironment] due to: Unable to determine Dialect without JDBC metadata (please set 'javax.persistence.jdbc.url', 'hibernate.connection.url', or 'hibernate.dialect')
2023-09-02T10:41:18.722+08:00  WARN 1916 --- [main] ConfigServletWebServerApplicationContext : Exception encountered during context initialization - cancelling refresh attempt: org.springframework.beans.factory.BeanCreationException: Error creating bean with name 'entityManagerFactory' defined in class path resource [org/springframework/boot/autoconfigure/orm/jpa/HibernateJpaConfiguration.class]: Unable to create requested service [org.hibernate.engine.jdbc.env.spi.JdbcEnvironment] due to: Unable to determine Dialect without JDBC metadata (please set 'javax.persistence.jdbc.url', 'hibernate.connection.url', or 'hibernate.dialect')
2023-09-02T10:41:18.727+08:00  INFO 1916 --- [main] o.apache.catalina.core.StandardService   : Stopping service [Tomcat]
2023-09-02T10:41:18.745+08:00  INFO 1916 --- [main] .s.b.a.l.ConditionEvaluationReportLogger : 

Error starting ApplicationContext. To display the condition evaluation report re-run your application with 'debug' enabled.
2023-09-02T10:41:18.776+08:00 ERROR 1916 --- [main] o.s.boot.SpringApplication               : Application run failed

org.springframework.beans.factory.BeanCreationException: Error creating bean with name 'entityManagerFactory' defined in class path resource [org/springframework/boot/autoconfigure/orm/jpa/HibernateJpaConfiguration.class]: Unable to create requested service [org.hibernate.engine.jdbc.env.spi.JdbcEnvironment] due to: Unable to determine Dialect without JDBC metadata (please set 'javax.persistence.jdbc.url', 'hibernate.connection.url', or 'hibernate.dialect')
	at org.springframework.beans.factory.support.AbstractAutowireCapableBeanFactory.initializeBean(AbstractAutowireCapableBeanFactory.java:1770) ~[spring-beans-6.0.11.jar:6.0.11]
	at org.springframework.beans.factory.support.AbstractAutowireCapableBeanFactory.doCreateBean(AbstractAutowireCapableBeanFactory.java:598) ~[spring-beans-6.0.11.jar:6.0.11]
	at org.springframework.beans.factory.support.AbstractAutowireCapableBeanFactory.createBean(AbstractAutowireCapableBeanFactory.java:520) ~[spring-beans-6.0.11.jar:6.0.11]
	at org.springframework.beans.factory.support.AbstractBeanFactory.lambda$doGetBean$0(AbstractBeanFactory.java:326) ~[spring-beans-6.0.11.jar:6.0.11]
	at org.springframework.beans.factory.support.DefaultSingletonBeanRegistry.getSingleton(DefaultSingletonBeanRegistry.java:234) ~[spring-beans-6.0.11.jar:6.0.11]
	at org.springframework.beans.factory.support.AbstractBeanFactory.doGetBean(AbstractBeanFactory.java:324) ~[spring-beans-6.0.11.jar:6.0.11]
	at org.springframework.beans.factory.support.AbstractBeanFactory.getBean(AbstractBeanFactory.java:200) ~[spring-beans-6.0.11.jar:6.0.11]
	at org.springframework.context.support.AbstractApplicationContext.getBean(AbstractApplicationContext.java:1155) ~[spring-context-6.0.11.jar:6.0.11]
	at org.springframework.context.support.AbstractApplicationContext.finishBeanFactoryInitialization(AbstractApplicationContext.java:932) ~[spring-context-6.0.11.jar:6.0.11]
	at org.springframework.context.support.AbstractApplicationContext.refresh(AbstractApplicationContext.java:608) ~[spring-context-6.0.11.jar:6.0.11]
	at org.springframework.boot.web.servlet.context.ServletWebServerApplicationContext.refresh(ServletWebServerApplicationContext.java:146) ~[spring-boot-3.1.3.jar:3.1.3]
	at org.springframework.boot.SpringApplication.refresh(SpringApplication.java:734) ~[spring-boot-3.1.3.jar:3.1.3]
	at org.springframework.boot.SpringApplication.refreshContext(SpringApplication.java:436) ~[spring-boot-3.1.3.jar:3.1.3]
	at org.springframework.boot.SpringApplication.run(SpringApplication.java:312) ~[spring-boot-3.1.3.jar:3.1.3]
	at org.springframework.boot.SpringApplication.run(SpringApplication.java:1306) ~[spring-boot-3.1.3.jar:3.1.3]
	at org.springframework.boot.SpringApplication.run(SpringApplication.java:1295) ~[spring-boot-3.1.3.jar:3.1.3]
	at com.exam.movierental.MovierentalApplication.main(MovierentalApplication.java:12) ~[classes/:na]
Caused by: org.hibernate.service.spi.ServiceException: Unable to create requested service [org.hibernate.engine.jdbc.env.spi.JdbcEnvironment] due to: Unable to determine Dialect without JDBC metadata (please set 'javax.persistence.jdbc.url', 'hibernate.connection.url', or 'hibernate.dialect')
	at org.hibernate.service.internal.AbstractServiceRegistryImpl.createService(AbstractServiceRegistryImpl.java:277) ~[hibernate-core-6.2.7.Final.jar:6.2.7.Final]
	at org.hibernate.service.internal.AbstractServiceRegistryImpl.initializeService(AbstractServiceRegistryImpl.java:239) ~[hibernate-core-6.2.7.Final.jar:6.2.7.Final]
	at org.hibernate.service.internal.AbstractServiceRegistryImpl.getService(AbstractServiceRegistryImpl.java:216) ~[hibernate-core-6.2.7.Final.jar:6.2.7.Final]
	at org.hibernate.boot.model.relational.Database.<init>(Database.java:45) ~[hibernate-core-6.2.7.Final.jar:6.2.7.Final]
	at org.hibernate.boot.internal.InFlightMetadataCollectorImpl.getDatabase(InFlightMetadataCollectorImpl.java:230) ~[hibernate-core-6.2.7.Final.jar:6.2.7.Final]
	at org.hibernate.boot.internal.InFlightMetadataCollectorImpl.<init>(InFlightMetadataCollectorImpl.java:198) ~[hibernate-core-6.2.7.Final.jar:6.2.7.Final]
	at org.hibernate.boot.model.process.spi.MetadataBuildingProcess.complete(MetadataBuildingProcess.java:166) ~[hibernate-core-6.2.7.Final.jar:6.2.7.Final]
	at org.hibernate.jpa.boot.internal.EntityManagerFactoryBuilderImpl.metadata(EntityManagerFactoryBuilderImpl.java:1380) ~[hibernate-core-6.2.7.Final.jar:6.2.7.Final]
	at org.hibernate.jpa.boot.internal.EntityManagerFactoryBuilderImpl.build(EntityManagerFactoryBuilderImpl.java:1451) ~[hibernate-core-6.2.7.Final.jar:6.2.7.Final]
	at org.springframework.orm.jpa.vendor.SpringHibernateJpaPersistenceProvider.createContainerEntityManagerFactory(SpringHibernateJpaPersistenceProvider.java:75) ~[spring-orm-6.0.11.jar:6.0.11]
	at org.springframework.orm.jpa.LocalContainerEntityManagerFactoryBean.createNativeEntityManagerFactory(LocalContainerEntityManagerFactoryBean.java:376) ~[spring-orm-6.0.11.jar:6.0.11]
	at org.springframework.orm.jpa.AbstractEntityManagerFactoryBean.buildNativeEntityManagerFactory(AbstractEntityManagerFactoryBean.java:409) ~[spring-orm-6.0.11.jar:6.0.11]
	at org.springframework.orm.jpa.AbstractEntityManagerFactoryBean.afterPropertiesSet(AbstractEntityManagerFactoryBean.java:396) ~[spring-orm-6.0.11.jar:6.0.11]
	at org.springframework.orm.jpa.LocalContainerEntityManagerFactoryBean.afterPropertiesSet(LocalContainerEntityManagerFactoryBean.java:352) ~[spring-orm-6.0.11.jar:6.0.11]
	at org.springframework.beans.factory.support.AbstractAutowireCapableBeanFactory.invokeInitMethods(AbstractAutowireCapableBeanFactory.java:1817) ~[spring-beans-6.0.11.jar:6.0.11]
	at org.springframework.beans.factory.support.AbstractAutowireCapableBeanFactory.initializeBean(AbstractAutowireCapableBeanFactory.java:1766) ~[spring-beans-6.0.11.jar:6.0.11]
	... 16 common frames omitted
Caused by: org.hibernate.HibernateException: Unable to determine Dialect without JDBC metadata (please set 'javax.persistence.jdbc.url', 'hibernate.connection.url', or 'hibernate.dialect')
	at org.hibernate.engine.jdbc.dialect.internal.DialectFactoryImpl.determineDialect(DialectFactoryImpl.java:188) ~[hibernate-core-6.2.7.Final.jar:6.2.7.Final]
	at org.hibernate.engine.jdbc.dialect.internal.DialectFactoryImpl.buildDialect(DialectFactoryImpl.java:87) ~[hibernate-core-6.2.7.Final.jar:6.2.7.Final]
	at org.hibernate.engine.jdbc.env.internal.JdbcEnvironmentInitiator.initiateService(JdbcEnvironmentInitiator.java:274) ~[hibernate-core-6.2.7.Final.jar:6.2.7.Final]
	at org.hibernate.engine.jdbc.env.internal.JdbcEnvironmentInitiator.initiateService(JdbcEnvironmentInitiator.java:34) ~[hibernate-core-6.2.7.Final.jar:6.2.7.Final]
	at org.hibernate.boot.registry.internal.StandardServiceRegistryImpl.initiateService(StandardServiceRegistryImpl.java:119) ~[hibernate-core-6.2.7.Final.jar:6.2.7.Final]
	at org.hibernate.service.internal.AbstractServiceRegistryImpl.createService(AbstractServiceRegistryImpl.java:264) ~[hibernate-core-6.2.7.Final.jar:6.2.7.Final]
	... 31 common frames omitted

2023-09-02T11:11:43.006+08:00  INFO 312 --- [main] c.e.movierental.MovierentalApplication   : Starting MovierentalApplication using Java 17.0.8 with PID 312 (D:\Jem\movrental\movrental\target\classes started by jemue in D:\Jem\movrental\movrental)
2023-09-02T11:11:43.012+08:00  INFO 312 --- [main] c.e.movierental.MovierentalApplication   : No active profile set, falling back to 1 default profile: "default"
2023-09-02T11:11:44.775+08:00  INFO 312 --- [main] .s.d.r.c.RepositoryConfigurationDelegate : Bootstrapping Spring Data JPA repositories in DEFAULT mode.
2023-09-02T11:11:45.098+08:00  INFO 312 --- [main] .s.d.r.c.RepositoryConfigurationDelegate : Finished Spring Data repository scanning in 272 ms. Found 3 JPA repository interfaces.
2023-09-02T11:11:46.325+08:00  INFO 312 --- [main] o.s.b.w.embedded.tomcat.TomcatWebServer  : Tomcat initialized with port(s): 8080 (http)
2023-09-02T11:11:46.349+08:00  INFO 312 --- [main] o.apache.catalina.core.StandardService   : Starting service [Tomcat]
2023-09-02T11:11:46.350+08:00  INFO 312 --- [main] o.apache.catalina.core.StandardEngine    : Starting Servlet engine: [Apache Tomcat/10.1.12]
2023-09-02T11:11:46.549+08:00  INFO 312 --- [main] o.a.c.c.C.[Tomcat].[localhost].[/]       : Initializing Spring embedded WebApplicationContext
2023-09-02T11:11:46.550+08:00  INFO 312 --- [main] w.s.c.ServletWebServerApplicationContext : Root WebApplicationContext: initialization completed in 3403 ms
2023-09-02T11:11:46.787+08:00  INFO 312 --- [main] com.zaxxer.hikari.HikariDataSource       : HikariPool-1 - Starting...
2023-09-02T11:11:47.365+08:00  INFO 312 --- [main] com.zaxxer.hikari.pool.HikariPool        : HikariPool-1 - Added connection com.mysql.cj.jdbc.ConnectionImpl@149274cb
2023-09-02T11:11:47.369+08:00  INFO 312 --- [main] com.zaxxer.hikari.HikariDataSource       : HikariPool-1 - Start completed.
2023-09-02T11:11:47.445+08:00  INFO 312 --- [main] o.hibernate.jpa.internal.util.LogHelper  : HHH000204: Processing PersistenceUnitInfo [name: default]
2023-09-02T11:11:47.591+08:00  INFO 312 --- [main] org.hibernate.Version                    : HHH000412: Hibernate ORM core version 6.2.7.Final
2023-09-02T11:11:47.596+08:00  INFO 312 --- [main] org.hibernate.cfg.Environment            : HHH000406: Using bytecode reflection optimizer
2023-09-02T11:11:47.958+08:00  INFO 312 --- [main] o.h.b.i.BytecodeProviderInitiator        : HHH000021: Bytecode provider name : bytebuddy
2023-09-02T11:11:48.203+08:00  INFO 312 --- [main] o.s.o.j.p.SpringPersistenceUnitInfo      : No LoadTimeWeaver setup: ignoring JPA class transformer
2023-09-02T11:11:48.738+08:00  INFO 312 --- [main] o.h.b.i.BytecodeProviderInitiator        : HHH000021: Bytecode provider name : bytebuddy
2023-09-02T11:11:49.786+08:00  INFO 312 --- [main] o.h.e.t.j.p.i.JtaPlatformInitiator       : HHH000490: Using JtaPlatform implementation: [org.hibernate.engine.transaction.jta.platform.internal.NoJtaPlatform]
2023-09-02T11:11:49.791+08:00  INFO 312 --- [main] j.LocalContainerEntityManagerFactoryBean : Initialized JPA EntityManagerFactory for persistence unit 'default'
2023-09-02T11:11:50.440+08:00  WARN 312 --- [main] JpaBaseConfiguration$JpaWebConfiguration : spring.jpa.open-in-view is enabled by default. Therefore, database queries may be performed during view rendering. Explicitly configure spring.jpa.open-in-view to disable this warning
2023-09-02T11:11:52.257+08:00  INFO 312 --- [main] o.s.b.w.embedded.tomcat.TomcatWebServer  : Tomcat started on port(s): 8080 (http) with context path ''
2023-09-02T11:11:52.277+08:00  INFO 312 --- [main] c.e.movierental.MovierentalApplication   : Started MovierentalApplication in 10.099 seconds (process running for 11.227)
2023-09-02T11:11:58.028+08:00  INFO 312 --- [http-nio-8080-exec-1] o.a.c.c.C.[Tomcat].[localhost].[/]       : Initializing Spring DispatcherServlet 'dispatcherServlet'
2023-09-02T11:11:58.028+08:00  INFO 312 --- [http-nio-8080-exec-1] o.s.web.servlet.DispatcherServlet        : Initializing Servlet 'dispatcherServlet'
2023-09-02T11:11:58.030+08:00  INFO 312 --- [http-nio-8080-exec-1] o.s.web.servlet.DispatcherServlet        : Completed initialization in 2 ms
2023-09-02T11:11:59.068+08:00  INFO 312 --- [http-nio-8080-exec-6] o.springdoc.api.AbstractOpenApiResource  : Init duration for springdoc-openapi is: 588 ms
2023-09-02T11:12:06.946+08:00  INFO 312 --- [http-nio-8080-exec-9] c.e.m.controller.UserController          : UserController | findAllUser | start
2023-09-02T11:12:12.003+08:00  INFO 312 --- [http-nio-8080-exec-9] c.e.m.controller.UserController          : UserController | findAllUser | end
2023-09-02T11:12:12.003+08:00  INFO 312 --- [http-nio-8080-exec-9] c.exam.movierental.service.UserService   : UserService | findAllUser | start
2023-09-02T11:15:28.403+08:00  INFO 18800 --- [main] c.e.movierental.MovierentalApplication   : Starting MovierentalApplication using Java 17.0.8 with PID 18800 (D:\Jem\movrental\movrental\target\classes started by jemue in D:\Jem\movrental\movrental)
2023-09-02T11:15:28.408+08:00  INFO 18800 --- [main] c.e.movierental.MovierentalApplication   : No active profile set, falling back to 1 default profile: "default"
2023-09-02T11:15:29.924+08:00  INFO 18800 --- [main] .s.d.r.c.RepositoryConfigurationDelegate : Bootstrapping Spring Data JPA repositories in DEFAULT mode.
2023-09-02T11:15:30.050+08:00  INFO 18800 --- [main] .s.d.r.c.RepositoryConfigurationDelegate : Finished Spring Data repository scanning in 109 ms. Found 3 JPA repository interfaces.
2023-09-02T11:15:31.273+08:00  INFO 18800 --- [main] o.s.b.w.embedded.tomcat.TomcatWebServer  : Tomcat initialized with port(s): 8080 (http)
2023-09-02T11:15:31.291+08:00  INFO 18800 --- [main] o.apache.catalina.core.StandardService   : Starting service [Tomcat]
2023-09-02T11:15:31.292+08:00  INFO 18800 --- [main] o.apache.catalina.core.StandardEngine    : Starting Servlet engine: [Apache Tomcat/10.1.12]
2023-09-02T11:15:31.495+08:00  INFO 18800 --- [main] o.a.c.c.C.[Tomcat].[localhost].[/]       : Initializing Spring embedded WebApplicationContext
2023-09-02T11:15:31.496+08:00  INFO 18800 --- [main] w.s.c.ServletWebServerApplicationContext : Root WebApplicationContext: initialization completed in 2977 ms
2023-09-02T11:15:31.778+08:00  INFO 18800 --- [main] com.zaxxer.hikari.HikariDataSource       : HikariPool-1 - Starting...
2023-09-02T11:15:32.360+08:00  INFO 18800 --- [main] com.zaxxer.hikari.pool.HikariPool        : HikariPool-1 - Added connection com.mysql.cj.jdbc.ConnectionImpl@7fe8c7db
2023-09-02T11:15:32.366+08:00  INFO 18800 --- [main] com.zaxxer.hikari.HikariDataSource       : HikariPool-1 - Start completed.
2023-09-02T11:15:32.468+08:00  INFO 18800 --- [main] o.hibernate.jpa.internal.util.LogHelper  : HHH000204: Processing PersistenceUnitInfo [name: default]
2023-09-02T11:15:32.649+08:00  INFO 18800 --- [main] org.hibernate.Version                    : HHH000412: Hibernate ORM core version 6.2.7.Final
2023-09-02T11:15:32.655+08:00  INFO 18800 --- [main] org.hibernate.cfg.Environment            : HHH000406: Using bytecode reflection optimizer
2023-09-02T11:15:33.027+08:00  INFO 18800 --- [main] o.h.b.i.BytecodeProviderInitiator        : HHH000021: Bytecode provider name : bytebuddy
2023-09-02T11:15:33.286+08:00  INFO 18800 --- [main] o.s.o.j.p.SpringPersistenceUnitInfo      : No LoadTimeWeaver setup: ignoring JPA class transformer
2023-09-02T11:15:33.828+08:00  INFO 18800 --- [main] o.h.b.i.BytecodeProviderInitiator        : HHH000021: Bytecode provider name : bytebuddy
2023-09-02T11:15:34.957+08:00  INFO 18800 --- [main] o.h.e.t.j.p.i.JtaPlatformInitiator       : HHH000490: Using JtaPlatform implementation: [org.hibernate.engine.transaction.jta.platform.internal.NoJtaPlatform]
2023-09-02T11:15:34.963+08:00  INFO 18800 --- [main] j.LocalContainerEntityManagerFactoryBean : Initialized JPA EntityManagerFactory for persistence unit 'default'
2023-09-02T11:15:35.590+08:00  WARN 18800 --- [main] JpaBaseConfiguration$JpaWebConfiguration : spring.jpa.open-in-view is enabled by default. Therefore, database queries may be performed during view rendering. Explicitly configure spring.jpa.open-in-view to disable this warning
2023-09-02T11:15:37.486+08:00  INFO 18800 --- [main] o.s.b.w.embedded.tomcat.TomcatWebServer  : Tomcat started on port(s): 8080 (http) with context path ''
2023-09-02T11:15:37.506+08:00  INFO 18800 --- [main] c.e.movierental.MovierentalApplication   : Started MovierentalApplication in 9.925 seconds (process running for 10.821)
2023-09-02T11:15:40.061+08:00  INFO 18800 --- [http-nio-8080-exec-1] o.a.c.c.C.[Tomcat].[localhost].[/]       : Initializing Spring DispatcherServlet 'dispatcherServlet'
2023-09-02T11:15:40.062+08:00  INFO 18800 --- [http-nio-8080-exec-1] o.s.web.servlet.DispatcherServlet        : Initializing Servlet 'dispatcherServlet'
2023-09-02T11:15:40.064+08:00  INFO 18800 --- [http-nio-8080-exec-1] o.s.web.servlet.DispatcherServlet        : Completed initialization in 2 ms
2023-09-02T11:15:40.120+08:00  INFO 18800 --- [http-nio-8080-exec-1] c.e.m.controller.UserController          : UserController | findAllUser | start
2023-09-02T11:15:47.423+08:00  INFO 18800 --- [http-nio-8080-exec-1] c.e.m.controller.UserController          : UserController | findAllUser | end
2023-09-02T11:15:47.424+08:00  INFO 18800 --- [http-nio-8080-exec-1] c.exam.movierental.service.UserService   : UserService | findAllUser | start
2023-09-02T11:21:54.871+08:00  INFO 13148 --- [main] c.e.movierental.MovierentalApplication   : Starting MovierentalApplication using Java 17.0.8 with PID 13148 (D:\Jem\movrental\movrental\target\classes started by jemue in D:\Jem\movrental\movrental)
2023-09-02T11:21:54.877+08:00  INFO 13148 --- [main] c.e.movierental.MovierentalApplication   : No active profile set, falling back to 1 default profile: "default"
2023-09-02T11:21:56.523+08:00  INFO 13148 --- [main] .s.d.r.c.RepositoryConfigurationDelegate : Bootstrapping Spring Data JPA repositories in DEFAULT mode.
2023-09-02T11:21:56.686+08:00  INFO 13148 --- [main] .s.d.r.c.RepositoryConfigurationDelegate : Finished Spring Data repository scanning in 140 ms. Found 3 JPA repository interfaces.
2023-09-02T11:21:57.837+08:00  INFO 13148 --- [main] o.s.b.w.embedded.tomcat.TomcatWebServer  : Tomcat initialized with port(s): 8080 (http)
2023-09-02T11:21:57.855+08:00  INFO 13148 --- [main] o.apache.catalina.core.StandardService   : Starting service [Tomcat]
2023-09-02T11:21:57.855+08:00  INFO 13148 --- [main] o.apache.catalina.core.StandardEngine    : Starting Servlet engine: [Apache Tomcat/10.1.12]
2023-09-02T11:21:58.065+08:00  INFO 13148 --- [main] o.a.c.c.C.[Tomcat].[localhost].[/]       : Initializing Spring embedded WebApplicationContext
2023-09-02T11:21:58.066+08:00  INFO 13148 --- [main] w.s.c.ServletWebServerApplicationContext : Root WebApplicationContext: initialization completed in 3084 ms
2023-09-02T11:21:58.358+08:00  INFO 13148 --- [main] com.zaxxer.hikari.HikariDataSource       : HikariPool-1 - Starting...
2023-09-02T11:21:58.955+08:00  INFO 13148 --- [main] com.zaxxer.hikari.pool.HikariPool        : HikariPool-1 - Added connection com.mysql.cj.jdbc.ConnectionImpl@6ffd4c0d
2023-09-02T11:21:58.961+08:00  INFO 13148 --- [main] com.zaxxer.hikari.HikariDataSource       : HikariPool-1 - Start completed.
2023-09-02T11:21:59.059+08:00  INFO 13148 --- [main] o.hibernate.jpa.internal.util.LogHelper  : HHH000204: Processing PersistenceUnitInfo [name: default]
2023-09-02T11:21:59.281+08:00  INFO 13148 --- [main] org.hibernate.Version                    : HHH000412: Hibernate ORM core version 6.2.7.Final
2023-09-02T11:21:59.285+08:00  INFO 13148 --- [main] org.hibernate.cfg.Environment            : HHH000406: Using bytecode reflection optimizer
2023-09-02T11:21:59.758+08:00  INFO 13148 --- [main] o.h.b.i.BytecodeProviderInitiator        : HHH000021: Bytecode provider name : bytebuddy
2023-09-02T11:22:00.061+08:00  INFO 13148 --- [main] o.s.o.j.p.SpringPersistenceUnitInfo      : No LoadTimeWeaver setup: ignoring JPA class transformer
2023-09-02T11:22:00.615+08:00  INFO 13148 --- [main] o.h.b.i.BytecodeProviderInitiator        : HHH000021: Bytecode provider name : bytebuddy
2023-09-02T11:22:01.750+08:00  INFO 13148 --- [main] o.h.e.t.j.p.i.JtaPlatformInitiator       : HHH000490: Using JtaPlatform implementation: [org.hibernate.engine.transaction.jta.platform.internal.NoJtaPlatform]
2023-09-02T11:22:01.755+08:00  INFO 13148 --- [main] j.LocalContainerEntityManagerFactoryBean : Initialized JPA EntityManagerFactory for persistence unit 'default'
2023-09-02T11:22:02.377+08:00  WARN 13148 --- [main] JpaBaseConfiguration$JpaWebConfiguration : spring.jpa.open-in-view is enabled by default. Therefore, database queries may be performed during view rendering. Explicitly configure spring.jpa.open-in-view to disable this warning
2023-09-02T11:22:04.106+08:00  INFO 13148 --- [main] o.s.b.w.embedded.tomcat.TomcatWebServer  : Tomcat started on port(s): 8080 (http) with context path ''
2023-09-02T11:22:04.153+08:00  INFO 13148 --- [main] c.e.movierental.MovierentalApplication   : Started MovierentalApplication in 10.193 seconds (process running for 11.005)
2023-09-02T11:22:15.121+08:00  INFO 13148 --- [http-nio-8080-exec-1] o.a.c.c.C.[Tomcat].[localhost].[/]       : Initializing Spring DispatcherServlet 'dispatcherServlet'
2023-09-02T11:22:15.121+08:00  INFO 13148 --- [http-nio-8080-exec-1] o.s.web.servlet.DispatcherServlet        : Initializing Servlet 'dispatcherServlet'
2023-09-02T11:22:15.121+08:00  INFO 13148 --- [http-nio-8080-exec-1] o.s.web.servlet.DispatcherServlet        : Completed initialization in 0 ms
2023-09-02T11:22:15.185+08:00  INFO 13148 --- [http-nio-8080-exec-1] c.e.m.controller.UserController          : UserController | findAllUser | start
2023-09-02T11:22:21.640+08:00  INFO 13148 --- [http-nio-8080-exec-1] c.e.m.controller.UserController          : UserController | findAllUser | end
2023-09-02T11:22:21.641+08:00  INFO 13148 --- [http-nio-8080-exec-1] c.exam.movierental.service.UserService   : UserService | findAllUser | start
2023-09-02T11:22:23.876+08:00  INFO 13148 --- [http-nio-8080-exec-1] c.exam.movierental.service.UserService   : UserService | findAllUser | end
2023-09-02T11:22:57.928+08:00  INFO 13148 --- [http-nio-8080-exec-2] c.e.m.controller.UserController          : UserController | findUserById | start
2023-09-02T11:22:57.928+08:00  INFO 13148 --- [http-nio-8080-exec-2] c.e.m.controller.UserController          : UserController | findUserById | end
2023-09-02T11:22:57.928+08:00  INFO 13148 --- [http-nio-8080-exec-2] c.exam.movierental.service.UserService   : UserService | findUserById | start
2023-09-02T11:23:25.474+08:00  INFO 13148 --- [http-nio-8080-exec-4] c.e.m.controller.RentalController        : RentalController | rent | start
2023-09-02T11:23:31.266+08:00  INFO 13148 --- [http-nio-8080-exec-4] c.e.m.controller.RentalController        : RentalController | rent | end
2023-09-02T11:23:31.267+08:00  INFO 13148 --- [http-nio-8080-exec-4] c.e.movierental.service.RentalService    : RentalService | rent | start
2023-09-02T11:23:32.413+08:00  INFO 13148 --- [http-nio-8080-exec-4] c.e.movierental.service.RentalService    : RentalService | rent | end
2023-09-02T11:23:46.548+08:00  INFO 13148 --- [http-nio-8080-exec-7] c.e.m.controller.UserController          : UserController | findUserById | start
2023-09-02T11:23:46.549+08:00  INFO 13148 --- [http-nio-8080-exec-7] c.e.m.controller.UserController          : UserController | findUserById | end
2023-09-02T11:23:46.549+08:00  INFO 13148 --- [http-nio-8080-exec-7] c.exam.movierental.service.UserService   : UserService | findUserById | start
2023-09-02T11:25:38.315+08:00  INFO 19636 --- [main] c.e.movierental.MovierentalApplication   : Starting MovierentalApplication using Java 17.0.8 with PID 19636 (D:\Jem\movrental\movrental\target\classes started by jemue in D:\Jem\movrental\movrental)
2023-09-02T11:25:38.318+08:00  INFO 19636 --- [main] c.e.movierental.MovierentalApplication   : No active profile set, falling back to 1 default profile: "default"
2023-09-02T11:25:39.502+08:00  INFO 19636 --- [main] .s.d.r.c.RepositoryConfigurationDelegate : Bootstrapping Spring Data JPA repositories in DEFAULT mode.
2023-09-02T11:25:39.636+08:00  INFO 19636 --- [main] .s.d.r.c.RepositoryConfigurationDelegate : Finished Spring Data repository scanning in 112 ms. Found 3 JPA repository interfaces.
2023-09-02T11:25:40.632+08:00  INFO 19636 --- [main] o.s.b.w.embedded.tomcat.TomcatWebServer  : Tomcat initialized with port(s): 8080 (http)
2023-09-02T11:25:40.648+08:00  INFO 19636 --- [main] o.apache.catalina.core.StandardService   : Starting service [Tomcat]
2023-09-02T11:25:40.649+08:00  INFO 19636 --- [main] o.apache.catalina.core.StandardEngine    : Starting Servlet engine: [Apache Tomcat/10.1.12]
2023-09-02T11:25:40.834+08:00  INFO 19636 --- [main] o.a.c.c.C.[Tomcat].[localhost].[/]       : Initializing Spring embedded WebApplicationContext
2023-09-02T11:25:40.835+08:00  INFO 19636 --- [main] w.s.c.ServletWebServerApplicationContext : Root WebApplicationContext: initialization completed in 2447 ms
2023-09-02T11:25:41.087+08:00  INFO 19636 --- [main] com.zaxxer.hikari.HikariDataSource       : HikariPool-1 - Starting...
2023-09-02T11:25:41.454+08:00  INFO 19636 --- [main] com.zaxxer.hikari.pool.HikariPool        : HikariPool-1 - Added connection com.mysql.cj.jdbc.ConnectionImpl@42679fc2
2023-09-02T11:25:41.457+08:00  INFO 19636 --- [main] com.zaxxer.hikari.HikariDataSource       : HikariPool-1 - Start completed.
2023-09-02T11:25:41.516+08:00  INFO 19636 --- [main] o.hibernate.jpa.internal.util.LogHelper  : HHH000204: Processing PersistenceUnitInfo [name: default]
2023-09-02T11:25:41.587+08:00  INFO 19636 --- [main] org.hibernate.Version                    : HHH000412: Hibernate ORM core version 6.2.7.Final
2023-09-02T11:25:41.592+08:00  INFO 19636 --- [main] org.hibernate.cfg.Environment            : HHH000406: Using bytecode reflection optimizer
2023-09-02T11:25:41.815+08:00  INFO 19636 --- [main] o.h.b.i.BytecodeProviderInitiator        : HHH000021: Bytecode provider name : bytebuddy
2023-09-02T11:25:42.030+08:00  INFO 19636 --- [main] o.s.o.j.p.SpringPersistenceUnitInfo      : No LoadTimeWeaver setup: ignoring JPA class transformer
2023-09-02T11:25:42.416+08:00  INFO 19636 --- [main] o.h.b.i.BytecodeProviderInitiator        : HHH000021: Bytecode provider name : bytebuddy
2023-09-02T11:25:43.181+08:00  INFO 19636 --- [main] o.h.e.t.j.p.i.JtaPlatformInitiator       : HHH000490: Using JtaPlatform implementation: [org.hibernate.engine.transaction.jta.platform.internal.NoJtaPlatform]
2023-09-02T11:25:43.185+08:00  INFO 19636 --- [main] j.LocalContainerEntityManagerFactoryBean : Initialized JPA EntityManagerFactory for persistence unit 'default'
2023-09-02T11:25:43.720+08:00  WARN 19636 --- [main] JpaBaseConfiguration$JpaWebConfiguration : spring.jpa.open-in-view is enabled by default. Therefore, database queries may be performed during view rendering. Explicitly configure spring.jpa.open-in-view to disable this warning
2023-09-02T11:25:45.141+08:00  INFO 19636 --- [main] o.s.b.w.embedded.tomcat.TomcatWebServer  : Tomcat started on port(s): 8080 (http) with context path ''
2023-09-02T11:25:45.154+08:00  INFO 19636 --- [main] c.e.movierental.MovierentalApplication   : Started MovierentalApplication in 7.462 seconds (process running for 8.032)
2023-09-02T11:25:53.291+08:00  INFO 19636 --- [http-nio-8080-exec-1] o.a.c.c.C.[Tomcat].[localhost].[/]       : Initializing Spring DispatcherServlet 'dispatcherServlet'
2023-09-02T11:25:53.292+08:00  INFO 19636 --- [http-nio-8080-exec-1] o.s.web.servlet.DispatcherServlet        : Initializing Servlet 'dispatcherServlet'
2023-09-02T11:25:53.293+08:00  INFO 19636 --- [http-nio-8080-exec-1] o.s.web.servlet.DispatcherServlet        : Completed initialization in 1 ms
2023-09-02T11:25:53.996+08:00  INFO 19636 --- [http-nio-8080-exec-3] o.springdoc.api.AbstractOpenApiResource  : Init duration for springdoc-openapi is: 533 ms
2023-09-02T11:25:59.690+08:00  INFO 19636 --- [http-nio-8080-exec-4] c.e.m.controller.UserController          : UserController | findUserById | start
2023-09-02T11:25:59.691+08:00  INFO 19636 --- [http-nio-8080-exec-4] c.e.m.controller.UserController          : UserController | findUserById | end
2023-09-02T11:25:59.692+08:00  INFO 19636 --- [http-nio-8080-exec-4] c.exam.movierental.service.UserService   : UserService | findUserById | start
2023-09-02T11:34:32.721+08:00  INFO 14072 --- [main] c.e.movierental.MovierentalApplication   : Starting MovierentalApplication using Java 17.0.8 with PID 14072 (D:\Jem\movrental\movrental\target\classes started by jemue in D:\Jem\movrental\movrental)
2023-09-02T11:34:32.725+08:00  INFO 14072 --- [main] c.e.movierental.MovierentalApplication   : No active profile set, falling back to 1 default profile: "default"
2023-09-02T11:34:33.893+08:00  INFO 14072 --- [main] .s.d.r.c.RepositoryConfigurationDelegate : Bootstrapping Spring Data JPA repositories in DEFAULT mode.
2023-09-02T11:34:34.040+08:00  INFO 14072 --- [main] .s.d.r.c.RepositoryConfigurationDelegate : Finished Spring Data repository scanning in 127 ms. Found 3 JPA repository interfaces.
2023-09-02T11:34:35.064+08:00  INFO 14072 --- [main] o.s.b.w.embedded.tomcat.TomcatWebServer  : Tomcat initialized with port(s): 8080 (http)
2023-09-02T11:34:35.080+08:00  INFO 14072 --- [main] o.apache.catalina.core.StandardService   : Starting service [Tomcat]
2023-09-02T11:34:35.081+08:00  INFO 14072 --- [main] o.apache.catalina.core.StandardEngine    : Starting Servlet engine: [Apache Tomcat/10.1.12]
2023-09-02T11:34:35.262+08:00  INFO 14072 --- [main] o.a.c.c.C.[Tomcat].[localhost].[/]       : Initializing Spring embedded WebApplicationContext
2023-09-02T11:34:35.263+08:00  INFO 14072 --- [main] w.s.c.ServletWebServerApplicationContext : Root WebApplicationContext: initialization completed in 2472 ms
2023-09-02T11:34:35.488+08:00  INFO 14072 --- [main] com.zaxxer.hikari.HikariDataSource       : HikariPool-1 - Starting...
2023-09-02T11:34:35.950+08:00  INFO 14072 --- [main] com.zaxxer.hikari.pool.HikariPool        : HikariPool-1 - Added connection com.mysql.cj.jdbc.ConnectionImpl@6f6cc7da
2023-09-02T11:34:35.953+08:00  INFO 14072 --- [main] com.zaxxer.hikari.HikariDataSource       : HikariPool-1 - Start completed.
2023-09-02T11:34:36.028+08:00  INFO 14072 --- [main] o.hibernate.jpa.internal.util.LogHelper  : HHH000204: Processing PersistenceUnitInfo [name: default]
2023-09-02T11:34:36.123+08:00  INFO 14072 --- [main] org.hibernate.Version                    : HHH000412: Hibernate ORM core version 6.2.7.Final
2023-09-02T11:34:36.129+08:00  INFO 14072 --- [main] org.hibernate.cfg.Environment            : HHH000406: Using bytecode reflection optimizer
2023-09-02T11:34:36.369+08:00  INFO 14072 --- [main] o.h.b.i.BytecodeProviderInitiator        : HHH000021: Bytecode provider name : bytebuddy
2023-09-02T11:34:36.582+08:00  INFO 14072 --- [main] o.s.o.j.p.SpringPersistenceUnitInfo      : No LoadTimeWeaver setup: ignoring JPA class transformer
2023-09-02T11:34:37.023+08:00  INFO 14072 --- [main] o.h.b.i.BytecodeProviderInitiator        : HHH000021: Bytecode provider name : bytebuddy
2023-09-02T11:34:37.809+08:00  INFO 14072 --- [main] o.h.e.t.j.p.i.JtaPlatformInitiator       : HHH000490: Using JtaPlatform implementation: [org.hibernate.engine.transaction.jta.platform.internal.NoJtaPlatform]
2023-09-02T11:34:37.813+08:00  INFO 14072 --- [main] j.LocalContainerEntityManagerFactoryBean : Initialized JPA EntityManagerFactory for persistence unit 'default'
2023-09-02T11:34:38.375+08:00  WARN 14072 --- [main] JpaBaseConfiguration$JpaWebConfiguration : spring.jpa.open-in-view is enabled by default. Therefore, database queries may be performed during view rendering. Explicitly configure spring.jpa.open-in-view to disable this warning
2023-09-02T11:34:39.689+08:00  INFO 14072 --- [main] o.s.b.w.embedded.tomcat.TomcatWebServer  : Tomcat started on port(s): 8080 (http) with context path ''
2023-09-02T11:34:39.706+08:00  INFO 14072 --- [main] c.e.movierental.MovierentalApplication   : Started MovierentalApplication in 7.53 seconds (process running for 8.106)
2023-09-02T11:34:48.611+08:00  INFO 14072 --- [http-nio-8080-exec-1] o.a.c.c.C.[Tomcat].[localhost].[/]       : Initializing Spring DispatcherServlet 'dispatcherServlet'
2023-09-02T11:34:48.612+08:00  INFO 14072 --- [http-nio-8080-exec-1] o.s.web.servlet.DispatcherServlet        : Initializing Servlet 'dispatcherServlet'
2023-09-02T11:34:48.614+08:00  INFO 14072 --- [http-nio-8080-exec-1] o.s.web.servlet.DispatcherServlet        : Completed initialization in 2 ms
2023-09-02T11:34:49.375+08:00  INFO 14072 --- [http-nio-8080-exec-4] o.springdoc.api.AbstractOpenApiResource  : Init duration for springdoc-openapi is: 447 ms
2023-09-02T11:34:57.914+08:00  INFO 14072 --- [http-nio-8080-exec-5] c.e.m.controller.UserController          : UserController | findUserById | start
2023-09-02T11:34:57.914+08:00  INFO 14072 --- [http-nio-8080-exec-5] c.e.m.controller.UserController          : UserController | findUserById | end
2023-09-02T11:34:57.916+08:00  INFO 14072 --- [http-nio-8080-exec-5] c.exam.movierental.service.UserService   : UserService | findUserById | start
2023-09-02T11:35:09.092+08:00  INFO 14072 --- [http-nio-8080-exec-7] c.e.m.controller.UserController          : UserController | findUserById | start
2023-09-02T11:35:09.092+08:00  INFO 14072 --- [http-nio-8080-exec-7] c.e.m.controller.UserController          : UserController | findUserById | end
2023-09-02T11:35:09.092+08:00  INFO 14072 --- [http-nio-8080-exec-7] c.exam.movierental.service.UserService   : UserService | findUserById | start
2023-09-02T11:35:20.481+08:00  INFO 14072 --- [http-nio-8080-exec-6] c.e.m.controller.MovieController         : MoviesController | findAllMovies | start
2023-09-02T11:35:20.482+08:00  INFO 14072 --- [http-nio-8080-exec-6] c.e.m.controller.MovieController         : MoviesController | findAllMovies | end
2023-09-02T11:35:20.482+08:00  INFO 14072 --- [http-nio-8080-exec-6] c.exam.movierental.service.MovieService  : MoviesService | findAllMovies | start
2023-09-02T11:35:20.586+08:00  INFO 14072 --- [http-nio-8080-exec-6] c.exam.movierental.service.MovieService  : MoviesService | findAllMovies | end
2023-09-02T11:35:30.471+08:00  INFO 14072 --- [http-nio-8080-exec-9] c.e.m.controller.MovieController         : MoviesController | findMoviesById | start
2023-09-02T11:35:30.471+08:00  INFO 14072 --- [http-nio-8080-exec-9] c.e.m.controller.MovieController         : MoviesController | findMoviesById | end
2023-09-02T11:35:30.471+08:00  INFO 14072 --- [http-nio-8080-exec-9] c.exam.movierental.service.MovieService  : MoviesService | findMoviesById | start
2023-09-02T11:40:59.349+08:00  INFO 14072 --- [http-nio-8080-exec-1] c.e.m.controller.UserController          : UserController | findUserById | start
2023-09-02T11:40:59.350+08:00  INFO 14072 --- [http-nio-8080-exec-1] c.e.m.controller.UserController          : UserController | findUserById | end
2023-09-02T11:40:59.350+08:00  INFO 14072 --- [http-nio-8080-exec-1] c.exam.movierental.service.UserService   : UserService | findUserById | start
2023-09-02T11:40:59.458+08:00  INFO 14072 --- [http-nio-8080-exec-2] c.e.m.controller.UserController          : UserController | findUserById | start
2023-09-02T11:40:59.458+08:00  INFO 14072 --- [http-nio-8080-exec-2] c.e.m.controller.UserController          : UserController | findUserById | end
2023-09-02T11:40:59.458+08:00  INFO 14072 --- [http-nio-8080-exec-2] c.exam.movierental.service.UserService   : UserService | findUserById | start
2023-09-02T12:12:09.662+08:00  WARN 14072 --- [HikariPool-1 housekeeper] com.zaxxer.hikari.pool.HikariPool        : HikariPool-1 - Thread starvation or clock leap detected (housekeeper delta=25m33s433ms181s500ns).
2023-09-02T12:13:51.670+08:00  INFO 14072 --- [http-nio-8080-exec-4] c.e.m.controller.RentalController        : RentalController | rent | start
2023-09-02T12:13:51.671+08:00  INFO 14072 --- [http-nio-8080-exec-4] c.e.m.controller.RentalController        : RentalController | rent | end
2023-09-02T12:13:51.671+08:00  INFO 14072 --- [http-nio-8080-exec-4] c.e.movierental.service.RentalService    : RentalService | rent | start
2023-09-02T12:13:51.703+08:00  INFO 14072 --- [http-nio-8080-exec-4] c.e.m.controller.RentalController        : RentalController | rent | Exception: There is no available copy for rent.
2023-09-02T12:19:35.935+08:00  INFO 11372 --- [main] c.e.movierental.MovierentalApplication   : Starting MovierentalApplication using Java 17.0.8 with PID 11372 (D:\Jem\movrental\movrental\target\classes started by jemue in D:\Jem\movrental\movrental)
2023-09-02T12:19:35.939+08:00  INFO 11372 --- [main] c.e.movierental.MovierentalApplication   : No active profile set, falling back to 1 default profile: "default"
2023-09-02T12:19:37.166+08:00  INFO 11372 --- [main] .s.d.r.c.RepositoryConfigurationDelegate : Bootstrapping Spring Data JPA repositories in DEFAULT mode.
2023-09-02T12:19:37.286+08:00  INFO 11372 --- [main] .s.d.r.c.RepositoryConfigurationDelegate : Finished Spring Data repository scanning in 102 ms. Found 3 JPA repository interfaces.
2023-09-02T12:19:38.254+08:00  INFO 11372 --- [main] o.s.b.w.embedded.tomcat.TomcatWebServer  : Tomcat initialized with port(s): 8080 (http)
2023-09-02T12:19:38.270+08:00  INFO 11372 --- [main] o.apache.catalina.core.StandardService   : Starting service [Tomcat]
2023-09-02T12:19:38.270+08:00  INFO 11372 --- [main] o.apache.catalina.core.StandardEngine    : Starting Servlet engine: [Apache Tomcat/10.1.12]
2023-09-02T12:19:38.426+08:00  INFO 11372 --- [main] o.a.c.c.C.[Tomcat].[localhost].[/]       : Initializing Spring embedded WebApplicationContext
2023-09-02T12:19:38.442+08:00  INFO 11372 --- [main] w.s.c.ServletWebServerApplicationContext : Root WebApplicationContext: initialization completed in 2403 ms
2023-09-02T12:19:38.629+08:00  INFO 11372 --- [main] com.zaxxer.hikari.HikariDataSource       : HikariPool-1 - Starting...
2023-09-02T12:19:39.076+08:00  INFO 11372 --- [main] com.zaxxer.hikari.pool.HikariPool        : HikariPool-1 - Added connection com.mysql.cj.jdbc.ConnectionImpl@724bf25f
2023-09-02T12:19:39.080+08:00  INFO 11372 --- [main] com.zaxxer.hikari.HikariDataSource       : HikariPool-1 - Start completed.
2023-09-02T12:19:39.140+08:00  INFO 11372 --- [main] o.hibernate.jpa.internal.util.LogHelper  : HHH000204: Processing PersistenceUnitInfo [name: default]
2023-09-02T12:19:39.199+08:00  INFO 11372 --- [main] org.hibernate.Version                    : HHH000412: Hibernate ORM core version 6.2.7.Final
2023-09-02T12:19:39.204+08:00  INFO 11372 --- [main] org.hibernate.cfg.Environment            : HHH000406: Using bytecode reflection optimizer
2023-09-02T12:19:39.405+08:00  INFO 11372 --- [main] o.h.b.i.BytecodeProviderInitiator        : HHH000021: Bytecode provider name : bytebuddy
2023-09-02T12:19:39.624+08:00  INFO 11372 --- [main] o.s.o.j.p.SpringPersistenceUnitInfo      : No LoadTimeWeaver setup: ignoring JPA class transformer
2023-09-02T12:19:40.080+08:00  INFO 11372 --- [main] o.h.b.i.BytecodeProviderInitiator        : HHH000021: Bytecode provider name : bytebuddy
2023-09-02T12:19:40.975+08:00  INFO 11372 --- [main] o.h.e.t.j.p.i.JtaPlatformInitiator       : HHH000490: Using JtaPlatform implementation: [org.hibernate.engine.transaction.jta.platform.internal.NoJtaPlatform]
2023-09-02T12:19:40.991+08:00  INFO 11372 --- [main] j.LocalContainerEntityManagerFactoryBean : Initialized JPA EntityManagerFactory for persistence unit 'default'
2023-09-02T12:19:41.781+08:00  WARN 11372 --- [main] JpaBaseConfiguration$JpaWebConfiguration : spring.jpa.open-in-view is enabled by default. Therefore, database queries may be performed during view rendering. Explicitly configure spring.jpa.open-in-view to disable this warning
2023-09-02T12:19:43.209+08:00  INFO 11372 --- [main] o.s.b.w.embedded.tomcat.TomcatWebServer  : Tomcat started on port(s): 8080 (http) with context path ''
2023-09-02T12:19:43.226+08:00  INFO 11372 --- [main] c.e.movierental.MovierentalApplication   : Started MovierentalApplication in 7.907 seconds (process running for 8.526)
2023-09-02T12:19:43.296+08:00  INFO 11372 --- [http-nio-8080-exec-1] o.a.c.c.C.[Tomcat].[localhost].[/]       : Initializing Spring DispatcherServlet 'dispatcherServlet'
2023-09-02T12:19:43.297+08:00  INFO 11372 --- [http-nio-8080-exec-1] o.s.web.servlet.DispatcherServlet        : Initializing Servlet 'dispatcherServlet'
2023-09-02T12:19:43.299+08:00  INFO 11372 --- [http-nio-8080-exec-1] o.s.web.servlet.DispatcherServlet        : Completed initialization in 2 ms
2023-09-02T12:19:43.954+08:00  INFO 11372 --- [http-nio-8080-exec-3] o.springdoc.api.AbstractOpenApiResource  : Init duration for springdoc-openapi is: 433 ms
2023-09-02T12:19:54.430+08:00  INFO 11372 --- [http-nio-8080-exec-4] c.e.m.controller.UserController          : UserController | findUserById | start
2023-09-02T12:19:54.431+08:00  INFO 11372 --- [http-nio-8080-exec-4] c.e.m.controller.UserController          : UserController | findUserById | end
2023-09-02T12:19:54.431+08:00  INFO 11372 --- [http-nio-8080-exec-4] c.exam.movierental.service.UserService   : UserService | findUserById | start
2023-09-02T12:19:54.541+08:00  INFO 11372 --- [http-nio-8080-exec-4] c.e.m.controller.UserController          : UserController | findUserById | Exception: User does not exist.
2023-09-02T12:20:00.108+08:00  INFO 11372 --- [http-nio-8080-exec-5] c.e.m.controller.UserController          : UserController | findUserById | start
2023-09-02T12:20:00.108+08:00  INFO 11372 --- [http-nio-8080-exec-5] c.e.m.controller.UserController          : UserController | findUserById | end
2023-09-02T12:20:00.108+08:00  INFO 11372 --- [http-nio-8080-exec-5] c.exam.movierental.service.UserService   : UserService | findUserById | start
2023-09-02T12:20:05.155+08:00  INFO 11372 --- [http-nio-8080-exec-6] c.e.m.controller.UserController          : UserController | findUserById | start
2023-09-02T12:20:05.156+08:00  INFO 11372 --- [http-nio-8080-exec-6] c.e.m.controller.UserController          : UserController | findUserById | end
2023-09-02T12:20:05.156+08:00  INFO 11372 --- [http-nio-8080-exec-6] c.exam.movierental.service.UserService   : UserService | findUserById | start
2023-09-02T12:20:05.183+08:00  INFO 11372 --- [http-nio-8080-exec-6] c.e.m.controller.UserController          : UserController | findUserById | Exception: User does not exist.
2023-09-02T12:21:42.303+08:00  INFO 4228 --- [main] c.e.movierental.MovierentalApplication   : Starting MovierentalApplication using Java 17.0.8 with PID 4228 (D:\Jem\movrental\movrental\target\classes started by jemue in D:\Jem\movrental\movrental)
2023-09-02T12:21:42.307+08:00  INFO 4228 --- [main] c.e.movierental.MovierentalApplication   : No active profile set, falling back to 1 default profile: "default"
2023-09-02T12:21:43.524+08:00  INFO 4228 --- [main] .s.d.r.c.RepositoryConfigurationDelegate : Bootstrapping Spring Data JPA repositories in DEFAULT mode.
2023-09-02T12:21:43.616+08:00  INFO 4228 --- [main] .s.d.r.c.RepositoryConfigurationDelegate : Finished Spring Data repository scanning in 74 ms. Found 3 JPA repository interfaces.
2023-09-02T12:21:44.528+08:00  INFO 4228 --- [main] o.s.b.w.embedded.tomcat.TomcatWebServer  : Tomcat initialized with port(s): 8080 (http)
2023-09-02T12:21:44.549+08:00  INFO 4228 --- [main] o.apache.catalina.core.StandardService   : Starting service [Tomcat]
2023-09-02T12:21:44.550+08:00  INFO 4228 --- [main] o.apache.catalina.core.StandardEngine    : Starting Servlet engine: [Apache Tomcat/10.1.12]
2023-09-02T12:21:44.803+08:00  INFO 4228 --- [main] o.a.c.c.C.[Tomcat].[localhost].[/]       : Initializing Spring embedded WebApplicationContext
2023-09-02T12:21:44.805+08:00  INFO 4228 --- [main] w.s.c.ServletWebServerApplicationContext : Root WebApplicationContext: initialization completed in 2427 ms
2023-09-02T12:21:45.098+08:00  INFO 4228 --- [main] com.zaxxer.hikari.HikariDataSource       : HikariPool-1 - Starting...
2023-09-02T12:21:45.634+08:00  INFO 4228 --- [main] com.zaxxer.hikari.pool.HikariPool        : HikariPool-1 - Added connection com.mysql.cj.jdbc.ConnectionImpl@2fe2965c
2023-09-02T12:21:45.637+08:00  INFO 4228 --- [main] com.zaxxer.hikari.HikariDataSource       : HikariPool-1 - Start completed.
2023-09-02T12:21:45.700+08:00  INFO 4228 --- [main] o.hibernate.jpa.internal.util.LogHelper  : HHH000204: Processing PersistenceUnitInfo [name: default]
2023-09-02T12:21:45.785+08:00  INFO 4228 --- [main] org.hibernate.Version                    : HHH000412: Hibernate ORM core version 6.2.7.Final
2023-09-02T12:21:45.789+08:00  INFO 4228 --- [main] org.hibernate.cfg.Environment            : HHH000406: Using bytecode reflection optimizer
2023-09-02T12:21:46.094+08:00  INFO 4228 --- [main] o.h.b.i.BytecodeProviderInitiator        : HHH000021: Bytecode provider name : bytebuddy
2023-09-02T12:21:46.366+08:00  INFO 4228 --- [main] o.s.o.j.p.SpringPersistenceUnitInfo      : No LoadTimeWeaver setup: ignoring JPA class transformer
2023-09-02T12:21:46.859+08:00  INFO 4228 --- [main] o.h.b.i.BytecodeProviderInitiator        : HHH000021: Bytecode provider name : bytebuddy
2023-09-02T12:21:47.734+08:00  INFO 4228 --- [main] o.h.e.t.j.p.i.JtaPlatformInitiator       : HHH000490: Using JtaPlatform implementation: [org.hibernate.engine.transaction.jta.platform.internal.NoJtaPlatform]
2023-09-02T12:21:47.739+08:00  INFO 4228 --- [main] j.LocalContainerEntityManagerFactoryBean : Initialized JPA EntityManagerFactory for persistence unit 'default'
2023-09-02T12:21:48.307+08:00  WARN 4228 --- [main] JpaBaseConfiguration$JpaWebConfiguration : spring.jpa.open-in-view is enabled by default. Therefore, database queries may be performed during view rendering. Explicitly configure spring.jpa.open-in-view to disable this warning
2023-09-02T12:21:49.556+08:00  INFO 4228 --- [main] o.s.b.w.embedded.tomcat.TomcatWebServer  : Tomcat started on port(s): 8080 (http) with context path ''
2023-09-02T12:21:49.577+08:00  INFO 4228 --- [main] c.e.movierental.MovierentalApplication   : Started MovierentalApplication in 7.839 seconds (process running for 8.381)
2023-09-02T12:22:00.469+08:00  INFO 4228 --- [http-nio-8080-exec-1] o.a.c.c.C.[Tomcat].[localhost].[/]       : Initializing Spring DispatcherServlet 'dispatcherServlet'
2023-09-02T12:22:00.470+08:00  INFO 4228 --- [http-nio-8080-exec-1] o.s.web.servlet.DispatcherServlet        : Initializing Servlet 'dispatcherServlet'
2023-09-02T12:22:00.472+08:00  INFO 4228 --- [http-nio-8080-exec-1] o.s.web.servlet.DispatcherServlet        : Completed initialization in 2 ms
2023-09-02T12:22:01.173+08:00  INFO 4228 --- [http-nio-8080-exec-3] o.springdoc.api.AbstractOpenApiResource  : Init duration for springdoc-openapi is: 528 ms
2023-09-02T12:22:07.905+08:00  INFO 4228 --- [http-nio-8080-exec-4] c.e.m.controller.MovieController         : MoviesController | findMoviesById | start
2023-09-02T12:22:07.906+08:00  INFO 4228 --- [http-nio-8080-exec-4] c.e.m.controller.MovieController         : MoviesController | findMoviesById | end
2023-09-02T12:22:07.907+08:00  INFO 4228 --- [http-nio-8080-exec-4] c.exam.movierental.service.MovieService  : MoviesService | findMoviesById | start
2023-09-02T12:22:08.019+08:00  INFO 4228 --- [http-nio-8080-exec-4] c.e.m.controller.MovieController         : MoviesController | findMoviesById | Exception: Movie does not exist.
2023-09-02T12:22:15.835+08:00  INFO 4228 --- [http-nio-8080-exec-5] c.e.m.controller.RentalController        : RentalController | rent | start
2023-09-02T12:22:15.836+08:00  INFO 4228 --- [http-nio-8080-exec-5] c.e.m.controller.RentalController        : RentalController | rent | end
2023-09-02T12:22:15.836+08:00  INFO 4228 --- [http-nio-8080-exec-5] c.e.movierental.service.RentalService    : RentalService | rent | start
2023-09-02T12:22:15.901+08:00  INFO 4228 --- [http-nio-8080-exec-5] c.e.m.controller.RentalController        : RentalController | rent | Exception: No value present
2023-09-02T12:22:31.515+08:00  INFO 20848 --- [main] c.e.movierental.MovierentalApplication   : Starting MovierentalApplication using Java 17.0.8 with PID 20848 (D:\Jem\movrental\movrental\target\classes started by jemue in D:\Jem\movrental\movrental)
2023-09-02T12:22:31.522+08:00  INFO 20848 --- [main] c.e.movierental.MovierentalApplication   : No active profile set, falling back to 1 default profile: "default"
2023-09-02T12:22:32.942+08:00  INFO 20848 --- [main] .s.d.r.c.RepositoryConfigurationDelegate : Bootstrapping Spring Data JPA repositories in DEFAULT mode.
2023-09-02T12:22:33.067+08:00  INFO 20848 --- [main] .s.d.r.c.RepositoryConfigurationDelegate : Finished Spring Data repository scanning in 107 ms. Found 3 JPA repository interfaces.
2023-09-02T12:22:34.082+08:00  INFO 20848 --- [main] o.s.b.w.embedded.tomcat.TomcatWebServer  : Tomcat initialized with port(s): 8080 (http)
2023-09-02T12:22:34.098+08:00  INFO 20848 --- [main] o.apache.catalina.core.StandardService   : Starting service [Tomcat]
2023-09-02T12:22:34.099+08:00  INFO 20848 --- [main] o.apache.catalina.core.StandardEngine    : Starting Servlet engine: [Apache Tomcat/10.1.12]
2023-09-02T12:22:34.285+08:00  INFO 20848 --- [main] o.a.c.c.C.[Tomcat].[localhost].[/]       : Initializing Spring embedded WebApplicationContext
2023-09-02T12:22:34.286+08:00  INFO 20848 --- [main] w.s.c.ServletWebServerApplicationContext : Root WebApplicationContext: initialization completed in 2670 ms
2023-09-02T12:22:34.529+08:00  INFO 20848 --- [main] com.zaxxer.hikari.HikariDataSource       : HikariPool-1 - Starting...
2023-09-02T12:22:35.042+08:00  INFO 20848 --- [main] com.zaxxer.hikari.pool.HikariPool        : HikariPool-1 - Added connection com.mysql.cj.jdbc.ConnectionImpl@5e1a5f
2023-09-02T12:22:35.046+08:00  INFO 20848 --- [main] com.zaxxer.hikari.HikariDataSource       : HikariPool-1 - Start completed.
2023-09-02T12:22:35.123+08:00  INFO 20848 --- [main] o.hibernate.jpa.internal.util.LogHelper  : HHH000204: Processing PersistenceUnitInfo [name: default]
2023-09-02T12:22:35.228+08:00  INFO 20848 --- [main] org.hibernate.Version                    : HHH000412: Hibernate ORM core version 6.2.7.Final
2023-09-02T12:22:35.234+08:00  INFO 20848 --- [main] org.hibernate.cfg.Environment            : HHH000406: Using bytecode reflection optimizer
2023-09-02T12:22:35.564+08:00  INFO 20848 --- [main] o.h.b.i.BytecodeProviderInitiator        : HHH000021: Bytecode provider name : bytebuddy
2023-09-02T12:22:35.811+08:00  INFO 20848 --- [main] o.s.o.j.p.SpringPersistenceUnitInfo      : No LoadTimeWeaver setup: ignoring JPA class transformer
2023-09-02T12:22:36.469+08:00  INFO 20848 --- [main] o.h.b.i.BytecodeProviderInitiator        : HHH000021: Bytecode provider name : bytebuddy
2023-09-02T12:22:37.513+08:00  INFO 20848 --- [main] o.h.e.t.j.p.i.JtaPlatformInitiator       : HHH000490: Using JtaPlatform implementation: [org.hibernate.engine.transaction.jta.platform.internal.NoJtaPlatform]
2023-09-02T12:22:37.520+08:00  INFO 20848 --- [main] j.LocalContainerEntityManagerFactoryBean : Initialized JPA EntityManagerFactory for persistence unit 'default'
2023-09-02T12:22:38.186+08:00  WARN 20848 --- [main] JpaBaseConfiguration$JpaWebConfiguration : spring.jpa.open-in-view is enabled by default. Therefore, database queries may be performed during view rendering. Explicitly configure spring.jpa.open-in-view to disable this warning
2023-09-02T12:22:40.039+08:00  INFO 20848 --- [main] o.s.b.w.embedded.tomcat.TomcatWebServer  : Tomcat started on port(s): 8080 (http) with context path ''
2023-09-02T12:22:40.057+08:00  INFO 20848 --- [main] c.e.movierental.MovierentalApplication   : Started MovierentalApplication in 9.341 seconds (process running for 10.133)
2023-09-02T12:26:03.147+08:00  INFO 4220 --- [main] c.e.movierental.MovierentalApplication   : Starting MovierentalApplication using Java 17.0.8 with PID 4220 (D:\Jem\movrental\movrental\target\classes started by jemue in D:\Jem\movrental\movrental)
2023-09-02T12:26:03.152+08:00  INFO 4220 --- [main] c.e.movierental.MovierentalApplication   : No active profile set, falling back to 1 default profile: "default"
2023-09-02T12:26:04.637+08:00  INFO 4220 --- [main] .s.d.r.c.RepositoryConfigurationDelegate : Bootstrapping Spring Data JPA repositories in DEFAULT mode.
2023-09-02T12:26:04.791+08:00  INFO 4220 --- [main] .s.d.r.c.RepositoryConfigurationDelegate : Finished Spring Data repository scanning in 133 ms. Found 3 JPA repository interfaces.
2023-09-02T12:26:05.790+08:00  INFO 4220 --- [main] o.s.b.w.embedded.tomcat.TomcatWebServer  : Tomcat initialized with port(s): 8080 (http)
2023-09-02T12:26:05.809+08:00  INFO 4220 --- [main] o.apache.catalina.core.StandardService   : Starting service [Tomcat]
2023-09-02T12:26:05.810+08:00  INFO 4220 --- [main] o.apache.catalina.core.StandardEngine    : Starting Servlet engine: [Apache Tomcat/10.1.12]
2023-09-02T12:26:06.059+08:00  INFO 4220 --- [main] o.a.c.c.C.[Tomcat].[localhost].[/]       : Initializing Spring embedded WebApplicationContext
2023-09-02T12:26:06.061+08:00  INFO 4220 --- [main] w.s.c.ServletWebServerApplicationContext : Root WebApplicationContext: initialization completed in 2814 ms
2023-09-02T12:26:06.330+08:00  INFO 4220 --- [main] com.zaxxer.hikari.HikariDataSource       : HikariPool-1 - Starting...
2023-09-02T12:26:06.852+08:00  INFO 4220 --- [main] com.zaxxer.hikari.pool.HikariPool        : HikariPool-1 - Added connection com.mysql.cj.jdbc.ConnectionImpl@7db40fd5
2023-09-02T12:26:06.856+08:00  INFO 4220 --- [main] com.zaxxer.hikari.HikariDataSource       : HikariPool-1 - Start completed.
2023-09-02T12:26:06.934+08:00  INFO 4220 --- [main] o.hibernate.jpa.internal.util.LogHelper  : HHH000204: Processing PersistenceUnitInfo [name: default]
2023-09-02T12:26:07.073+08:00  INFO 4220 --- [main] org.hibernate.Version                    : HHH000412: Hibernate ORM core version 6.2.7.Final
2023-09-02T12:26:07.078+08:00  INFO 4220 --- [main] org.hibernate.cfg.Environment            : HHH000406: Using bytecode reflection optimizer
2023-09-02T12:26:07.413+08:00  INFO 4220 --- [main] o.h.b.i.BytecodeProviderInitiator        : HHH000021: Bytecode provider name : bytebuddy
2023-09-02T12:26:07.654+08:00  INFO 4220 --- [main] o.s.o.j.p.SpringPersistenceUnitInfo      : No LoadTimeWeaver setup: ignoring JPA class transformer
2023-09-02T12:26:08.175+08:00  INFO 4220 --- [main] o.h.b.i.BytecodeProviderInitiator        : HHH000021: Bytecode provider name : bytebuddy
2023-09-02T12:26:09.158+08:00  INFO 4220 --- [main] o.h.e.t.j.p.i.JtaPlatformInitiator       : HHH000490: Using JtaPlatform implementation: [org.hibernate.engine.transaction.jta.platform.internal.NoJtaPlatform]
2023-09-02T12:26:09.163+08:00  INFO 4220 --- [main] j.LocalContainerEntityManagerFactoryBean : Initialized JPA EntityManagerFactory for persistence unit 'default'
2023-09-02T12:26:09.858+08:00  WARN 4220 --- [main] JpaBaseConfiguration$JpaWebConfiguration : spring.jpa.open-in-view is enabled by default. Therefore, database queries may be performed during view rendering. Explicitly configure spring.jpa.open-in-view to disable this warning
2023-09-02T12:26:11.614+08:00  INFO 4220 --- [main] o.s.b.w.embedded.tomcat.TomcatWebServer  : Tomcat started on port(s): 8080 (http) with context path ''
2023-09-02T12:26:11.628+08:00  INFO 4220 --- [main] c.e.movierental.MovierentalApplication   : Started MovierentalApplication in 9.243 seconds (process running for 10.047)
2023-09-02T12:26:14.151+08:00  INFO 4220 --- [http-nio-8080-exec-1] o.a.c.c.C.[Tomcat].[localhost].[/]       : Initializing Spring DispatcherServlet 'dispatcherServlet'
2023-09-02T12:26:14.151+08:00  INFO 4220 --- [http-nio-8080-exec-1] o.s.web.servlet.DispatcherServlet        : Initializing Servlet 'dispatcherServlet'
2023-09-02T12:26:14.153+08:00  INFO 4220 --- [http-nio-8080-exec-1] o.s.web.servlet.DispatcherServlet        : Completed initialization in 2 ms
2023-09-02T12:26:14.207+08:00  INFO 4220 --- [http-nio-8080-exec-1] c.e.m.controller.RentalController        : RentalController | rent | start
2023-09-02T12:26:19.410+08:00  INFO 4220 --- [http-nio-8080-exec-1] c.e.m.controller.RentalController        : RentalController | rent | end
2023-09-02T12:26:19.411+08:00  INFO 4220 --- [http-nio-8080-exec-1] c.e.movierental.service.RentalService    : RentalService | rent | start
2023-09-02T12:26:22.784+08:00  INFO 4220 --- [http-nio-8080-exec-1] c.e.m.controller.RentalController        : RentalController | rent | Exception: Movie does not exist.
2023-09-02T12:26:30.781+08:00  INFO 4220 --- [http-nio-8080-exec-2] c.e.m.controller.RentalController        : RentalController | rent | start
2023-09-02T12:26:36.428+08:00  INFO 4220 --- [http-nio-8080-exec-2] c.e.m.controller.RentalController        : RentalController | rent | end
2023-09-02T12:26:36.428+08:00  INFO 4220 --- [http-nio-8080-exec-2] c.e.movierental.service.RentalService    : RentalService | rent | start
2023-09-02T12:26:36.470+08:00  INFO 4220 --- [http-nio-8080-exec-2] c.e.m.controller.RentalController        : RentalController | rent | Exception: There is no available copy for rent.
2023-09-02T12:26:41.979+08:00  INFO 4220 --- [http-nio-8080-exec-3] c.e.m.controller.RentalController        : RentalController | rent | start
2023-09-02T12:26:41.979+08:00  INFO 4220 --- [http-nio-8080-exec-3] c.e.m.controller.RentalController        : RentalController | rent | end
2023-09-02T12:26:41.979+08:00  INFO 4220 --- [http-nio-8080-exec-3] c.e.movierental.service.RentalService    : RentalService | rent | start
2023-09-02T12:26:42.013+08:00  INFO 4220 --- [http-nio-8080-exec-3] c.e.m.controller.RentalController        : RentalController | rent | Exception: User does not exist.
2023-09-02T12:26:46.012+08:00  INFO 4220 --- [http-nio-8080-exec-5] c.e.m.controller.RentalController        : RentalController | rent | start
2023-09-02T12:26:46.013+08:00  INFO 4220 --- [http-nio-8080-exec-5] c.e.m.controller.RentalController        : RentalController | rent | end
2023-09-02T12:26:46.013+08:00  INFO 4220 --- [http-nio-8080-exec-5] c.e.movierental.service.RentalService    : RentalService | rent | start
2023-09-02T12:26:46.054+08:00  INFO 4220 --- [http-nio-8080-exec-5] c.e.m.controller.RentalController        : RentalController | rent | Exception: There is no available copy for rent.
